# This is the CMakeCache file.
# For build in directory: /home/tikhonov-a/CLionProjects/BSF_prototype/cmake-build-debug
# It was generated by CMake: /home/tikhonov-a/Documents/clion-2024.2.3/bin/cmake/linux/x64/bin/cmake
# You can edit this file to change values found and used by cmake.
# If you do not want to change any of the values, simply exit the editor.
# If you do want to change a value, simply edit, save, and exit the editor.
# The syntax for the file is as follows:
# KEY:TYPE=VALUE
# KEY is the name of a variable in the cache.
# TYPE is a hint to GUIs for the type of VALUE, DO NOT EDIT TYPE!.
# VALUE is the current value for the KEY.

########################
# EXTERNAL cache entries
########################

//Build a 32 bit version of the library.
BENCHMARK_BUILD_32_BITS:BOOL=OFF

//Flags used by the C++ compiler during coverage builds.
BENCHMARK_CXX_FLAGS_COVERAGE:STRING=-g

//Allow the downloading and in-tree building of unmet dependencies
BENCHMARK_DOWNLOAD_DEPENDENCIES:BOOL=OFF

//Enable building and running the assembly tests
BENCHMARK_ENABLE_ASSEMBLY_TESTS:BOOL=OFF

//Build documentation with Doxygen.
BENCHMARK_ENABLE_DOXYGEN:BOOL=OFF

//Enable the use of exceptions in the benchmark library.
BENCHMARK_ENABLE_EXCEPTIONS:BOOL=ON

//Enable performance counters provided by libpfm
BENCHMARK_ENABLE_LIBPFM:BOOL=OFF

//Enable link time optimisation of the benchmark library.
BENCHMARK_ENABLE_LTO:BOOL=OFF

//Flags used for linking binaries during coverage builds.
BENCHMARK_EXE_LINKER_FLAGS_COVERAGE:STRING=

//Build Release candidates with -Werror regardless of compiler
// issues.
BENCHMARK_FORCE_WERROR:BOOL=OFF

//Flags used by the shared libraries linker during coverage builds.
BENCHMARK_SHARED_LINKER_FLAGS_COVERAGE:STRING=

//Use bundled GoogleTest. If disabled, the find_package(GTest)
// will be used.
BENCHMARK_USE_BUNDLED_GTEST:BOOL=ON

//Build and test using libc++ as the standard library.
BENCHMARK_USE_LIBCXX:BOOL=OFF

//Value Computed by CMake
BSF_prototype_BINARY_DIR:STATIC=/home/tikhonov-a/CLionProjects/BSF_prototype/cmake-build-debug

//Value Computed by CMake
BSF_prototype_IS_TOP_LEVEL:STATIC=ON

//Value Computed by CMake
BSF_prototype_SOURCE_DIR:STATIC=/home/tikhonov-a/CLionProjects/BSF_prototype

//Builds the googlemock subproject
BUILD_GMOCK:BOOL=ON

//build shared libraries
BUILD_SHARED_LIBS:BOOL=OFF

//The directory containing a CMake configuration file for Boost.
Boost_DIR:PATH=/usr/lib/x86_64-linux-gnu/cmake/Boost-1.83.0

//Build and run container tests (implies CARES_BUILD_TESTS, Linux
// only)
CARES_BUILD_CONTAINER_TESTS:BOOL=OFF

//Build and run tests
CARES_BUILD_TESTS:BOOL=OFF

//Path to a file.
CARES_RANDOM_FILE:FILEPATH=/dev/urandom

//Build the static library as PIC (position independent)
CARES_STATIC_PIC:BOOL=OFF

//Path to a program.
CCACHE_EXECUTABLE:FILEPATH=CCACHE_EXECUTABLE-NOTFOUND

//Path to a program.
CCACHE_TOOL_PATH:FILEPATH=CCACHE_TOOL_PATH-NOTFOUND

//Path to a program.
CHAOTIC_BIN:FILEPATH=/home/tikhonov-a/CLionProjects/BSF_prototype/userver/chaotic/bin/chaotic-gen

//Path to a program.
CHAOTIC_DYNAMIC_CONFIGS_BIN:FILEPATH=/home/tikhonov-a/CLionProjects/BSF_prototype/userver/chaotic/bin-dynamic-configs/chaotic-gen-dynamic-configs

//Path to a program.
CHAOTIC_OPENAPI_BIN:FILEPATH=/home/tikhonov-a/CLionProjects/BSF_prototype/userver/chaotic-openapi/bin/chaotic-openapi-gen

//Path to a program.
CLANG_FORMAT_BIN:FILEPATH=/usr/bin/clang-format

//Path to a program.
CMAKE_ADDR2LINE:FILEPATH=/usr/bin/addr2line

//Path to a program.
CMAKE_AR:FILEPATH=/usr/bin/ar

//ASM compiler
CMAKE_ASM_COMPILER:FILEPATH=/usr/bin/cc

//A wrapper around 'ar' adding the appropriate '--plugin' option
// for the GCC compiler
CMAKE_ASM_COMPILER_AR:FILEPATH=/usr/bin/gcc-ar

//A wrapper around 'ranlib' adding the appropriate '--plugin' option
// for the GCC compiler
CMAKE_ASM_COMPILER_RANLIB:FILEPATH=/usr/bin/gcc-ranlib

//Flags used by the ASM compiler during all build types.
CMAKE_ASM_FLAGS:STRING=

//Flags used by the ASM compiler during DEBUG builds.
CMAKE_ASM_FLAGS_DEBUG:STRING=-g

//Flags used by the ASM compiler during MINSIZEREL builds.
CMAKE_ASM_FLAGS_MINSIZEREL:STRING=-Os -DNDEBUG

//Flags used by the ASM compiler during RELEASE builds.
CMAKE_ASM_FLAGS_RELEASE:STRING=-O3 -DNDEBUG

//Flags used by the ASM compiler during RELWITHDEBINFO builds.
CMAKE_ASM_FLAGS_RELWITHDEBINFO:STRING=-O2 -g -DNDEBUG

//Choose the type of build, options are: None Debug Release RelWithDebInfo
// MinSizeRel ...
CMAKE_BUILD_TYPE:STRING=Debug

//Enable colored diagnostics throughout.
CMAKE_COLOR_DIAGNOSTICS:BOOL=ON

//CXX compiler
CMAKE_CXX_COMPILER:FILEPATH=/usr/bin/c++

//A wrapper around 'ar' adding the appropriate '--plugin' option
// for the GCC compiler
CMAKE_CXX_COMPILER_AR:FILEPATH=/usr/bin/gcc-ar-13

//A wrapper around 'ranlib' adding the appropriate '--plugin' option
// for the GCC compiler
CMAKE_CXX_COMPILER_RANLIB:FILEPATH=/usr/bin/gcc-ranlib-13

//Flags used by the CXX compiler during all build types.
CMAKE_CXX_FLAGS:STRING=

//Flags used by the CXX compiler during DEBUG builds.
CMAKE_CXX_FLAGS_DEBUG:STRING=-g

//Flags used by the CXX compiler during MINSIZEREL builds.
CMAKE_CXX_FLAGS_MINSIZEREL:STRING=-Os -DNDEBUG

//Flags used by the CXX compiler during RELEASE builds.
CMAKE_CXX_FLAGS_RELEASE:STRING=-O3 -DNDEBUG

//Flags used by the CXX compiler during RELWITHDEBINFO builds.
CMAKE_CXX_FLAGS_RELWITHDEBINFO:STRING=-O2 -g -DNDEBUG

//C compiler
CMAKE_C_COMPILER:FILEPATH=/usr/bin/cc

//A wrapper around 'ar' adding the appropriate '--plugin' option
// for the GCC compiler
CMAKE_C_COMPILER_AR:FILEPATH=/usr/bin/gcc-ar-13

//A wrapper around 'ranlib' adding the appropriate '--plugin' option
// for the GCC compiler
CMAKE_C_COMPILER_RANLIB:FILEPATH=/usr/bin/gcc-ranlib-13

//Flags used by the C compiler during all build types.
CMAKE_C_FLAGS:STRING=

//Flags used by the C compiler during DEBUG builds.
CMAKE_C_FLAGS_DEBUG:STRING=-g

//Flags used by the C compiler during MINSIZEREL builds.
CMAKE_C_FLAGS_MINSIZEREL:STRING=-Os -DNDEBUG

//Flags used by the C compiler during RELEASE builds.
CMAKE_C_FLAGS_RELEASE:STRING=-O3 -DNDEBUG

//Flags used by the C compiler during RELWITHDEBINFO builds.
CMAKE_C_FLAGS_RELWITHDEBINFO:STRING=-O2 -g -DNDEBUG

//Path to a program.
CMAKE_DLLTOOL:FILEPATH=CMAKE_DLLTOOL-NOTFOUND

//Flags used by the linker during all build types.
CMAKE_EXE_LINKER_FLAGS:STRING=

//Flags used by the linker during DEBUG builds.
CMAKE_EXE_LINKER_FLAGS_DEBUG:STRING=

//Flags used by the linker during MINSIZEREL builds.
CMAKE_EXE_LINKER_FLAGS_MINSIZEREL:STRING=

//Flags used by the linker during RELEASE builds.
CMAKE_EXE_LINKER_FLAGS_RELEASE:STRING=

//Flags used by the linker during RELWITHDEBINFO builds.
CMAKE_EXE_LINKER_FLAGS_RELWITHDEBINFO:STRING=

//Enable/Disable output of compile commands during generation.
CMAKE_EXPORT_COMPILE_COMMANDS:BOOL=

//Value Computed by CMake.
CMAKE_FIND_PACKAGE_REDIRECTS_DIR:STATIC=/home/tikhonov-a/CLionProjects/BSF_prototype/cmake-build-debug/CMakeFiles/pkgRedirects

//User executables (bin)
CMAKE_INSTALL_BINDIR:PATH=bin

//Read-only architecture-independent data (DATAROOTDIR)
CMAKE_INSTALL_DATADIR:PATH=

//Read-only architecture-independent data root (share)
CMAKE_INSTALL_DATAROOTDIR:PATH=share

//Documentation root (DATAROOTDIR/doc/PROJECT_NAME)
CMAKE_INSTALL_DOCDIR:PATH=

//C header files (include)
CMAKE_INSTALL_INCLUDEDIR:PATH=include

//Info documentation (DATAROOTDIR/info)
CMAKE_INSTALL_INFODIR:PATH=

//Object code libraries (lib)
CMAKE_INSTALL_LIBDIR:PATH=lib

//Program executables (libexec)
CMAKE_INSTALL_LIBEXECDIR:PATH=libexec

//Locale-dependent data (DATAROOTDIR/locale)
CMAKE_INSTALL_LOCALEDIR:PATH=

//Modifiable single-machine data (var)
CMAKE_INSTALL_LOCALSTATEDIR:PATH=var

//Man documentation (DATAROOTDIR/man)
CMAKE_INSTALL_MANDIR:PATH=

//C header files for non-gcc (/usr/include)
CMAKE_INSTALL_OLDINCLUDEDIR:PATH=/usr/include

//Install path prefix, prepended onto install directories.
CMAKE_INSTALL_PREFIX:PATH=/usr/local

//Run-time variable data (LOCALSTATEDIR/run)
CMAKE_INSTALL_RUNSTATEDIR:PATH=

//System admin executables (sbin)
CMAKE_INSTALL_SBINDIR:PATH=sbin

//Modifiable architecture-independent data (com)
CMAKE_INSTALL_SHAREDSTATEDIR:PATH=com

//Read-only single-machine data (etc)
CMAKE_INSTALL_SYSCONFDIR:PATH=etc

//Name or full path to lber library
CMAKE_LBER_LIB:STRING=lber

//Path to LDAP include directory
CMAKE_LDAP_INCLUDE_DIR:STRING=

//Name or full path to ldap library
CMAKE_LDAP_LIB:STRING=ldap

//Path to a program.
CMAKE_LINKER:FILEPATH=/usr/bin/ld

//No help, variable specified on the command line.
CMAKE_MAKE_PROGRAM:UNINITIALIZED=/home/tikhonov-a/Documents/clion-2024.2.3/bin/ninja/linux/x64/ninja

//Flags used by the linker during the creation of modules during
// all build types.
CMAKE_MODULE_LINKER_FLAGS:STRING=

//Flags used by the linker during the creation of modules during
// DEBUG builds.
CMAKE_MODULE_LINKER_FLAGS_DEBUG:STRING=

//Flags used by the linker during the creation of modules during
// MINSIZEREL builds.
CMAKE_MODULE_LINKER_FLAGS_MINSIZEREL:STRING=

//Flags used by the linker during the creation of modules during
// RELEASE builds.
CMAKE_MODULE_LINKER_FLAGS_RELEASE:STRING=

//Flags used by the linker during the creation of modules during
// RELWITHDEBINFO builds.
CMAKE_MODULE_LINKER_FLAGS_RELWITHDEBINFO:STRING=

//Path to a program.
CMAKE_NM:FILEPATH=/usr/bin/nm

//Path to a program.
CMAKE_OBJCOPY:FILEPATH=/usr/bin/objcopy

//Path to a program.
CMAKE_OBJDUMP:FILEPATH=/usr/bin/objdump

//No help, variable specified on the command line.
CMAKE_PREFIX_PATH:UNINITIALIZED=/usr/local/share/cmake

//Value Computed by CMake
CMAKE_PROJECT_DESCRIPTION:STATIC=

//Value Computed by CMake
CMAKE_PROJECT_HOMEPAGE_URL:STATIC=

//Value Computed by CMake
CMAKE_PROJECT_NAME:STATIC=bsf_prototype

//Value Computed by CMake
CMAKE_PROJECT_VERSION:STATIC=1.14.0

//Value Computed by CMake
CMAKE_PROJECT_VERSION_MAJOR:STATIC=1

//Value Computed by CMake
CMAKE_PROJECT_VERSION_MINOR:STATIC=14

//Value Computed by CMake
CMAKE_PROJECT_VERSION_PATCH:STATIC=0

//Value Computed by CMake
CMAKE_PROJECT_VERSION_TWEAK:STATIC=

//Path to a program.
CMAKE_RANLIB:FILEPATH=/usr/bin/ranlib

//Path to a program.
CMAKE_READELF:FILEPATH=/usr/bin/readelf

//Flags used by the linker during the creation of shared libraries
// during all build types.
CMAKE_SHARED_LINKER_FLAGS:STRING=

//Flags used by the linker during the creation of shared libraries
// during DEBUG builds.
CMAKE_SHARED_LINKER_FLAGS_DEBUG:STRING=

//Flags used by the linker during the creation of shared libraries
// during MINSIZEREL builds.
CMAKE_SHARED_LINKER_FLAGS_MINSIZEREL:STRING=

//Flags used by the linker during the creation of shared libraries
// during RELEASE builds.
CMAKE_SHARED_LINKER_FLAGS_RELEASE:STRING=

//Flags used by the linker during the creation of shared libraries
// during RELWITHDEBINFO builds.
CMAKE_SHARED_LINKER_FLAGS_RELWITHDEBINFO:STRING=

//If set, runtime paths are not added when installing shared libraries,
// but are added when building.
CMAKE_SKIP_INSTALL_RPATH:BOOL=NO

//If set, runtime paths are not added when using shared libraries.
CMAKE_SKIP_RPATH:BOOL=NO

//Flags used by the linker during the creation of static libraries
// during all build types.
CMAKE_STATIC_LINKER_FLAGS:STRING=

//Flags used by the linker during the creation of static libraries
// during DEBUG builds.
CMAKE_STATIC_LINKER_FLAGS_DEBUG:STRING=

//Flags used by the linker during the creation of static libraries
// during MINSIZEREL builds.
CMAKE_STATIC_LINKER_FLAGS_MINSIZEREL:STRING=

//Flags used by the linker during the creation of static libraries
// during RELEASE builds.
CMAKE_STATIC_LINKER_FLAGS_RELEASE:STRING=

//Flags used by the linker during the creation of static libraries
// during RELWITHDEBINFO builds.
CMAKE_STATIC_LINKER_FLAGS_RELWITHDEBINFO:STRING=

//Path to a program.
CMAKE_STRIP:FILEPATH=/usr/bin/strip

//Path to a program.
CMAKE_TAPI:FILEPATH=CMAKE_TAPI-NOTFOUND

//If this value is on, makefiles will be generated without the
// .SILENT directive, and all commands will be echoed to the console
// during the make.  This is useful for debugging only. With Visual
// Studio IDE projects all commands are done without /nologo.
CMAKE_VERBOSE_MAKEFILE:BOOL=FALSE

//Path to the coverage program that CTest uses for performing coverage
// inspection
COVERAGE_COMMAND:FILEPATH=/usr/bin/gcov

//Extra command line flags to pass to the coverage tool
COVERAGE_EXTRA_FLAGS:STRING=-l

//Don't create a package lock file in the binary path
CPM_DONT_CREATE_PACKAGE_LOCK:BOOL=OFF

//Don't update the module path to allow using find_package
CPM_DONT_UPDATE_MODULE_PATH:BOOL=OFF

//Always download dependencies from source
CPM_DOWNLOAD_ALL:BOOL=OFF

//Add all packages added through CPM.cmake to the package lock
CPM_INCLUDE_ALL_IN_PACKAGE_LOCK:BOOL=OFF

//Only use `find_package` to get dependencies
CPM_LOCAL_PACKAGES_ONLY:BOOL=OFF

//Directory to download CPM dependencies
CPM_SOURCE_CACHE:PATH=OFF

//Always try to use `find_package` to get dependencies
CPM_USE_LOCAL_PACKAGES:BOOL=OFF

//Use Doxygen to create the HTML-based API documentation
CRYPTOPP_BUILD_DOCUMENTATION:BOOL=OFF

//Disable AES-NI
CRYPTOPP_DISABLE_AESNI:BOOL=OFF

//Disable Altivec
CRYPTOPP_DISABLE_ALTIVEC:BOOL=OFF

//Disable AES
CRYPTOPP_DISABLE_ARM_AES:BOOL=OFF

//Disable NEON
CRYPTOPP_DISABLE_ARM_NEON:BOOL=OFF

//Disable PMULL
CRYPTOPP_DISABLE_ARM_PMULL:BOOL=OFF

//Disable SHA
CRYPTOPP_DISABLE_ARM_SHA:BOOL=OFF

//Disable ASM
CRYPTOPP_DISABLE_ASM:BOOL=OFF

//Disable AVX
CRYPTOPP_DISABLE_AVX:BOOL=OFF

//Disable AVX2
CRYPTOPP_DISABLE_AVX2:BOOL=OFF

//Disable CLMUL
CRYPTOPP_DISABLE_CLMUL:BOOL=OFF

//Disable POWER7
CRYPTOPP_DISABLE_POWER7:BOOL=OFF

//Disable POWER8
CRYPTOPP_DISABLE_POWER8:BOOL=OFF

//Disable POWER9
CRYPTOPP_DISABLE_POWER9:BOOL=OFF

//Disable SHA
CRYPTOPP_DISABLE_SHA:BOOL=OFF

//Disable SSE4
CRYPTOPP_DISABLE_SSE4:BOOL=OFF

//Disable SSSE3
CRYPTOPP_DISABLE_SSSE3:BOOL=OFF

//Set the dir where the headers get installed. Defaults to cryptopp.
CRYPTOPP_INCLUDE_PREFIX:STRING=cryptopp

//Generate the install target for this project.
CRYPTOPP_INSTALL:BOOL=ON

//Use the provided location for crypto++ sources; do not fetch
CRYPTOPP_SOURCES:PATH=

//Get crypto++ from the master branch, not from a release tag
CRYPTOPP_USE_MASTER_BRANCH:BOOL=OFF

//How many times to retry timed-out CTest submissions.
CTEST_SUBMIT_RETRY_COUNT:STRING=3

//How long to wait between timed-out CTest submissions.
CTEST_SUBMIT_RETRY_DELAY:STRING=5

//Value Computed by CMake
CURL_BINARY_DIR:STATIC=/home/tikhonov-a/CLionProjects/BSF_prototype/cmake-build-debug/_deps/curl-build

//Set to ON to enable building curl with brotli support.
CURL_BROTLI:BOOL=OFF

//Path to the CA bundle. Set 'none' to disable or 'auto' for auto-detection.
// Defaults to 'auto'.
CURL_CA_BUNDLE:STRING=/etc/ssl/certs/ca-certificates.crt

//Path to the CA bundle has been set
CURL_CA_BUNDLE_SET:BOOL=TRUE

//Set ON to use built-in CA store of TLS backend. Defaults to OFF
CURL_CA_FALLBACK:BOOL=OFF

//Location of default CA path. Set 'none' to disable or 'auto'
// for auto-detection. Defaults to 'auto'.
CURL_CA_PATH:STRING=/etc/ssl/certs

//Path to the CA bundle has been set
CURL_CA_PATH_SET:BOOL=TRUE

//The directory containing a CMake configuration file for CURL.
CURL_DIR:PATH=CURL_DIR-NOTFOUND

//disables alt-svc support
CURL_DISABLE_ALTSVC:BOOL=OFF

//disables cookies support
CURL_DISABLE_COOKIES:BOOL=OFF

//disables cryptographic authentication
CURL_DISABLE_CRYPTO_AUTH:BOOL=OFF

//disables DICT
CURL_DISABLE_DICT:BOOL=OFF

//disables DNS-over-HTTPS
CURL_DISABLE_DOH:BOOL=OFF

//disables FILE
CURL_DISABLE_FILE:BOOL=OFF

//disables FTP
CURL_DISABLE_FTP:BOOL=OFF

//disables curl_easy_options API for existing options to curl_easy_setopt
CURL_DISABLE_GETOPTIONS:BOOL=OFF

//disables Gopher
CURL_DISABLE_GOPHER:BOOL=OFF

//disables HSTS support
CURL_DISABLE_HSTS:BOOL=OFF

//disables HTTP
CURL_DISABLE_HTTP:BOOL=OFF

//disables all HTTP authentication methods
CURL_DISABLE_HTTP_AUTH:BOOL=OFF

//disables IMAP
CURL_DISABLE_IMAP:BOOL=OFF

//disables LDAP
CURL_DISABLE_LDAP:BOOL=ON

//disables LDAPS
CURL_DISABLE_LDAPS:BOOL=ON

//disables --libcurl option from the curl tool
CURL_DISABLE_LIBCURL_OPTION:BOOL=OFF

//disables MIME support
CURL_DISABLE_MIME:BOOL=OFF

//disables MQTT
CURL_DISABLE_MQTT:BOOL=OFF

//disables netrc parser
CURL_DISABLE_NETRC:BOOL=OFF

//disables NTLM support
CURL_DISABLE_NTLM:BOOL=OFF

//Disable automatic loading of OpenSSL configuration
CURL_DISABLE_OPENSSL_AUTO_LOAD_CONFIG:BOOL=OFF

//disables date parsing
CURL_DISABLE_PARSEDATE:BOOL=OFF

//disables POP3
CURL_DISABLE_POP3:BOOL=OFF

//disables built-in progress meter
CURL_DISABLE_PROGRESS_METER:BOOL=OFF

//disables proxy support
CURL_DISABLE_PROXY:BOOL=OFF

//disables RTSP
CURL_DISABLE_RTSP:BOOL=OFF

//disables shuffle DNS feature
CURL_DISABLE_SHUFFLE_DNS:BOOL=OFF

//disables SMB
CURL_DISABLE_SMB:BOOL=OFF

//disables SMTP
CURL_DISABLE_SMTP:BOOL=OFF

//disables use of socketpair for curl_multi_poll
CURL_DISABLE_SOCKETPAIR:BOOL=OFF

//disables Telnet
CURL_DISABLE_TELNET:BOOL=OFF

//disables TFTP
CURL_DISABLE_TFTP:BOOL=OFF

//disables verbose strings
CURL_DISABLE_VERBOSE_STRINGS:BOOL=OFF

//to enable cmake export target
CURL_ENABLE_EXPORT_TARGET:BOOL=ON

//Enable SSL support
CURL_ENABLE_SSL:BOOL=ON

//Set to ON to hide libcurl internal symbols (=hide all symbols
// that aren't officially external).
CURL_HIDDEN_SYMBOLS:BOOL=ON

//Path to a file.
CURL_INCLUDE_DIR:PATH=CURL_INCLUDE_DIR-NOTFOUND

//Value Computed by CMake
CURL_IS_TOP_LEVEL:STATIC=OFF

//Path to a library.
CURL_LIBRARY_DEBUG:FILEPATH=CURL_LIBRARY_DEBUG-NOTFOUND

//Path to a library.
CURL_LIBRARY_RELEASE:FILEPATH=CURL_LIBRARY_RELEASE-NOTFOUND

//Turn on compiler Link Time Optimizations
CURL_LTO:BOOL=OFF

//Value Computed by CMake
CURL_SOURCE_DIR:STATIC=/home/tikhonov-a/CLionProjects/BSF_prototype/cmake-build-debug/_deps/curl-src

//Enable BearSSL for SSL/TLS
CURL_USE_BEARSSL:BOOL=OFF

//Use GSSAPI implementation (right now only Heimdal is supported
// with CMake build)
CURL_USE_GSSAPI:BOOL=OFF

//Use libSSH
CURL_USE_LIBSSH:BOOL=OFF

//Use libSSH2
CURL_USE_LIBSSH2:BOOL=ON

//Enable mbedTLS for SSL/TLS
CURL_USE_MBEDTLS:BOOL=OFF

//Enable NSS for SSL/TLS
CURL_USE_NSS:BOOL=OFF

//Use OpenLDAP code.
CURL_USE_OPENLDAP:BOOL=OFF

//Use OpenSSL code. Experimental
CURL_USE_OPENSSL:BOOL=ON

//enable wolfSSL for SSL/TLS
CURL_USE_WOLFSSL:BOOL=OFF

//Turn compiler warnings into errors
CURL_WERROR:BOOL=OFF

//Build curl with ZLIB support (AUTO, ON or OFF)
CURL_ZLIB:STRING=AUTO

//Set to ON to enable building curl with zstd support.
CURL_ZSTD:BOOL=OFF

//Maximum time allowed before CTest will kill the test.
DART_TESTING_TIMEOUT:STRING=1500

//Path to a program.
DPKG_QUERY_BIN:FILEPATH=/usr/bin/dpkg-query

//Set to ON to enable c-ares support
ENABLE_ARES:BOOL=OFF

//Set to ON to build with TrackMemory feature enabled
ENABLE_CURLDEBUG:BOOL=OFF

//Set to ON to enable curl debug features
ENABLE_DEBUG:BOOL=OFF

//Define if you want to enable IPv6 support
ENABLE_IPV6:BOOL=ON

//Set to ON to enable threaded DNS lookup
ENABLE_THREADED_RESOLVER:BOOL=ON

//Define if you want Unix domain sockets support
ENABLE_UNIX_SOCKETS:BOOL=ON

//Directory under which to collect all populated content
FETCHCONTENT_BASE_DIR:PATH=/home/tikhonov-a/CLionProjects/BSF_prototype/cmake-build-debug/_deps

//Disables all attempts to download or update content and assumes
// source dirs already exist
FETCHCONTENT_FULLY_DISCONNECTED:BOOL=OFF

//Enables QUIET option for all content population
FETCHCONTENT_QUIET:BOOL=ON

//When not empty, overrides where to find pre-populated content
// for benchmark
FETCHCONTENT_SOURCE_DIR_BENCHMARK:PATH=

//When not empty, overrides where to find pre-populated content
// for c-ares
FETCHCONTENT_SOURCE_DIR_C-ARES:PATH=

//When not empty, overrides where to find pre-populated content
// for cctz
FETCHCONTENT_SOURCE_DIR_CCTZ:PATH=

//When not empty, overrides where to find pre-populated content
// for cryptopp
FETCHCONTENT_SOURCE_DIR_CRYPTOPP:PATH=

//When not empty, overrides where to find pre-populated content
// for cryptopp-cmake
FETCHCONTENT_SOURCE_DIR_CRYPTOPP-CMAKE:PATH=

//When not empty, overrides where to find pre-populated content
// for curl
FETCHCONTENT_SOURCE_DIR_CURL:PATH=

//When not empty, overrides where to find pre-populated content
// for fmt
FETCHCONTENT_SOURCE_DIR_FMT:PATH=

//When not empty, overrides where to find pre-populated content
// for googletest
FETCHCONTENT_SOURCE_DIR_GOOGLETEST:PATH=

//When not empty, overrides where to find pre-populated content
// for re2
FETCHCONTENT_SOURCE_DIR_RE2:PATH=

//Enables UPDATE_DISCONNECTED behavior for all content population
FETCHCONTENT_UPDATES_DISCONNECTED:BOOL=OFF

//Enables UPDATE_DISCONNECTED behavior just for population of benchmark
FETCHCONTENT_UPDATES_DISCONNECTED_BENCHMARK:BOOL=OFF

//Enables UPDATE_DISCONNECTED behavior just for population of c-ares
FETCHCONTENT_UPDATES_DISCONNECTED_C-ARES:BOOL=OFF

//Enables UPDATE_DISCONNECTED behavior just for population of cctz
FETCHCONTENT_UPDATES_DISCONNECTED_CCTZ:BOOL=OFF

//Enables UPDATE_DISCONNECTED behavior just for population of cryptopp
FETCHCONTENT_UPDATES_DISCONNECTED_CRYPTOPP:BOOL=OFF

//Enables UPDATE_DISCONNECTED behavior just for population of cryptopp-cmake
FETCHCONTENT_UPDATES_DISCONNECTED_CRYPTOPP-CMAKE:BOOL=OFF

//Enables UPDATE_DISCONNECTED behavior just for population of curl
FETCHCONTENT_UPDATES_DISCONNECTED_CURL:BOOL=OFF

//Enables UPDATE_DISCONNECTED behavior just for population of fmt
FETCHCONTENT_UPDATES_DISCONNECTED_FMT:BOOL=OFF

//Enables UPDATE_DISCONNECTED behavior just for population of googletest
FETCHCONTENT_UPDATES_DISCONNECTED_GOOGLETEST:BOOL=OFF

//Enables UPDATE_DISCONNECTED behavior just for population of re2
FETCHCONTENT_UPDATES_DISCONNECTED_RE2:BOOL=OFF

//Value Computed by CMake
FMT_BINARY_DIR:STATIC=/home/tikhonov-a/CLionProjects/BSF_prototype/cmake-build-debug/_deps/fmt-build

//Installation directory for cmake files, a relative path that
// will be joined with /usr/local or an absolute path.
FMT_CMAKE_DIR:STRING=lib/cmake/fmt

//Generate the cuda-test target.
FMT_CUDA_TEST:BOOL=OFF

//Debug library postfix.
FMT_DEBUG_POSTFIX:STRING=d

//Generate the doc target.
FMT_DOC:BOOL=OFF

//Generate the fuzz target.
FMT_FUZZ:BOOL=OFF

//Installation directory for include files, a relative path that
// will be joined with /usr/local or an absolute path.
FMT_INC_DIR:STRING=include

//Generate the install target.
FMT_INSTALL:BOOL=ON

//Value Computed by CMake
FMT_IS_TOP_LEVEL:STATIC=OFF

//Installation directory for libraries, a relative path that will
// be joined to /usr/local or an absolute path.
FMT_LIB_DIR:STRING=lib

//Build a module instead of a traditional library.
FMT_MODULE:BOOL=OFF

//Include OS-specific APIs.
FMT_OS:BOOL=ON

//Enable extra warnings and expensive tests.
FMT_PEDANTIC:BOOL=OFF

//Installation directory for pkgconfig (.pc) files, a relative
// path that will be joined with /usr/local or an absolute path.
FMT_PKGCONFIG_DIR:STRING=lib/pkgconfig

//Value Computed by CMake
FMT_SOURCE_DIR:STATIC=/home/tikhonov-a/CLionProjects/BSF_prototype/cmake-build-debug/_deps/fmt-src

//Expose headers with marking them as system.
FMT_SYSTEM_HEADERS:BOOL=OFF

//Generate the test target.
FMT_TEST:BOOL=OFF

//Enable Unicode support.
FMT_UNICODE:BOOL=ON

//Halt the compilation with an error on compiler warnings.
FMT_WERROR:BOOL=OFF

//Path to a program.
GITCOMMAND:FILEPATH=/usr/bin/git

//Git command line client
GIT_EXECUTABLE:FILEPATH=/usr/bin/git

//Path to a library.
GMOCK_LIBRARY:FILEPATH=GMOCK_LIBRARY-NOTFOUND

//Path to a library.
GMOCK_LIBRARY_DEBUG:FILEPATH=GMOCK_LIBRARY_DEBUG-NOTFOUND

//Path to a library.
GMOCK_MAIN_LIBRARY:FILEPATH=GMOCK_MAIN_LIBRARY-NOTFOUND

//Path to a library.
GMOCK_MAIN_LIBRARY_DEBUG:FILEPATH=GMOCK_MAIN_LIBRARY_DEBUG-NOTFOUND

//Use Abseil and RE2. Requires Abseil and RE2 to be separately
// added to the build.
GTEST_HAS_ABSL:BOOL=OFF

//Path to a file.
GTEST_INCLUDE_DIR:PATH=GTEST_INCLUDE_DIR-NOTFOUND

//Path to a library.
GTEST_LIBRARY:FILEPATH=GTEST_LIBRARY-NOTFOUND

//Path to a library.
GTEST_LIBRARY_DEBUG:FILEPATH=GTEST_LIBRARY_DEBUG-NOTFOUND

//Path to a library.
GTEST_MAIN_LIBRARY:FILEPATH=GTEST_MAIN_LIBRARY-NOTFOUND

//Path to a library.
GTEST_MAIN_LIBRARY_DEBUG:FILEPATH=GTEST_MAIN_LIBRARY_DEBUG-NOTFOUND

//The directory containing a CMake configuration file for GTest.
GTest_DIR:PATH=GTest_DIR-NOTFOUND

//disables all protocols except HTTP (This overrides all CURL_DISABLE_*
// options)
HTTP_ONLY:BOOL=OFF

//ICU derb executable
ICU_DERB_EXECUTABLE:FILEPATH=/usr/bin/derb

//ICU genbrk executable
ICU_GENBRK_EXECUTABLE:FILEPATH=/usr/bin/genbrk

//ICU genccode executable
ICU_GENCCODE_EXECUTABLE:FILEPATH=/usr/sbin/genccode

//ICU gencfu executable
ICU_GENCFU_EXECUTABLE:FILEPATH=/usr/bin/gencfu

//ICU gencmn executable
ICU_GENCMN_EXECUTABLE:FILEPATH=/usr/sbin/gencmn

//ICU gencnval executable
ICU_GENCNVAL_EXECUTABLE:FILEPATH=/usr/bin/gencnval

//ICU gendict executable
ICU_GENDICT_EXECUTABLE:FILEPATH=/usr/bin/gendict

//ICU gennorm2 executable
ICU_GENNORM2_EXECUTABLE:FILEPATH=/usr/sbin/gennorm2

//ICU genrb executable
ICU_GENRB_EXECUTABLE:FILEPATH=/usr/bin/genrb

//ICU gensprep executable
ICU_GENSPREP_EXECUTABLE:FILEPATH=/usr/sbin/gensprep

//ICU icu-config executable
ICU_ICU-CONFIG_EXECUTABLE:FILEPATH=ICU_ICU-CONFIG_EXECUTABLE-NOTFOUND

//ICU icuinfo executable
ICU_ICUINFO_EXECUTABLE:FILEPATH=/usr/bin/icuinfo

//ICU icupkg executable
ICU_ICUPKG_EXECUTABLE:FILEPATH=/usr/sbin/icupkg

//ICU include directory
ICU_INCLUDE_DIR:PATH=/usr/include

//ICU makeconv executable
ICU_MAKECONV_EXECUTABLE:FILEPATH=/usr/bin/makeconv

//ICU Makefile.inc data file
ICU_MAKEFILE_INC:FILEPATH=/usr/lib/x86_64-linux-gnu/icu/74.2/Makefile.inc

//ICU pkgdata executable
ICU_PKGDATA_EXECUTABLE:FILEPATH=/usr/bin/pkgdata

//ICU pkgdata.inc data file
ICU_PKGDATA_INC:FILEPATH=/usr/lib/x86_64-linux-gnu/icu/74.2/pkgdata.inc

ICU_ROOT:PATH=

//ICU uconv executable
ICU_UCONV_EXECUTABLE:FILEPATH=/usr/bin/uconv

//ICU uc library (debug)
ICU_UC_LIBRARY_DEBUG:FILEPATH=ICU_UC_LIBRARY_DEBUG-NOTFOUND

//ICU uc library (release)
ICU_UC_LIBRARY_RELEASE:FILEPATH=/usr/lib/x86_64-linux-gnu/libicuuc.so

//Check with include-what-you-use
IWYU_ENABLED:BOOL=OFF

//Basename of the curl library
LIBCURL_OUTPUT_NAME:STRING=libcurl

//Path to a file.
LIBSSH2_INCLUDE_DIR:PATH=LIBSSH2_INCLUDE_DIR-NOTFOUND

//Path to a library.
LIBSSH2_LIBRARY:FILEPATH=LIBSSH2_LIBRARY-NOTFOUND

//Path to a program.
LLVM_FILECHECK_EXE:FILEPATH=LLVM_FILECHECK_EXE-NOTFOUND

//Command to build the project
MAKECOMMAND:STRING=/home/tikhonov-a/Documents/clion-2024.2.3/bin/cmake/linux/x64/bin/cmake --build . --config "${CTEST_CONFIGURATION_TYPE}"

//Path to the memory checking command, used for memory error detection.
MEMORYCHECK_COMMAND:FILEPATH=MEMORYCHECK_COMMAND-NOTFOUND

//File that contains suppressions for the memory checker
MEMORYCHECK_SUPPRESSIONS_FILE:FILEPATH=

//Path to a library.
OPENSSL_CRYPTO_LIBRARY:FILEPATH=/usr/lib/x86_64-linux-gnu/libcrypto.so

//Path to a file.
OPENSSL_INCLUDE_DIR:PATH=/usr/include

OPENSSL_ROOT_DIR:PATH=

//Path to a library.
OPENSSL_SSL_LIBRARY:FILEPATH=/usr/lib/x86_64-linux-gnu/libssl.so

//Path to a program.
PACMAN_BIN:FILEPATH=PACMAN_BIN-NOTFOUND

//Path to a program.
PERL_EXECUTABLE:FILEPATH=/usr/bin/perl

//Enable picky compiler options
PICKY_COMPILER:BOOL=ON

//Arguments to supply to pkg-config
PKG_CONFIG_ARGN:STRING=

//pkg-config executable
PKG_CONFIG_EXECUTABLE:FILEPATH=/usr/bin/pkg-config

//Path to a file.
RANDOM_FILE:FILEPATH=/dev/urandom

//Value Computed by CMake
RE2_BINARY_DIR:STATIC=/home/tikhonov-a/CLionProjects/BSF_prototype/cmake-build-debug/_deps/re2-build

//build RE2 as a framework
RE2_BUILD_FRAMEWORK:BOOL=OFF

//Value Computed by CMake
RE2_IS_TOP_LEVEL:STATIC=OFF

//Value Computed by CMake
RE2_SOURCE_DIR:STATIC=/home/tikhonov-a/CLionProjects/BSF_prototype/cmake-build-debug/_deps/re2-src

//Path to a program.
RPM_QUERY_BIN:FILEPATH=RPM_QUERY_BIN-NOTFOUND

//Name of the computer/site where compile is being run
SITE:STRING=pc-00024385-1

//Use ucontext for context switching
UBOOST_CORO_USE_UCONTEXT:BOOL=OFF

//build against PCRE for testing and benchmarking
USEPCRE:BOOL=OFF

//Build all libraries except for those explicitly turned off by
// 'USERVER_FEATURE_*'and except for libraries disabled for the
// current platform
USERVER_BUILD_ALL_COMPONENTS:BOOL=OFF

//Build userver samples
USERVER_BUILD_SAMPLES:BOOL=OFF

//Build unit tests, functional tests and benchmarks for userver
// itself
USERVER_BUILD_TESTS:BOOL=OFF

//Whether to format generated code
USERVER_CHAOTIC_FORMAT:BOOL=ON

//Check package versions
USERVER_CHECK_PACKAGE_VERSIONS:BOOL=ON

//Generate Clang compilation time trace
USERVER_COMPILATION_TIME_TRACE:BOOL=OFF

//Build with Conan packages
USERVER_CONAN:BOOL=OFF

//Linker and compiler debug info compression algorithm (z, zstd,
// none, auto)
USERVER_DEBUG_INFO_COMPRESSION:STRING=auto

//Disable caching of dl_phdr_info items, which interferes with
// dlopen
USERVER_DISABLE_PHDR_CACHE:BOOL=OFF

//Disable rseq-based optimizations
USERVER_DISABLE_RSEQ_ACCELERATION:BOOL=OFF

//Download missing third party packages and use the downloaded
// versions
USERVER_DOWNLOAD_PACKAGES:BOOL=ON

//Download and setup c-ares if no c-ares of matching version was
// found
USERVER_DOWNLOAD_PACKAGE_CARES:BOOL=ON

//Download and setup cctz if no cctz of matching version was found
USERVER_DOWNLOAD_PACKAGE_CCTZ:BOOL=ON

//Download and setup CryptoPP if no CryptoPP of matching version
// was found
USERVER_DOWNLOAD_PACKAGE_CRYPTOPP:BOOL=ON

//Download and setup libcurl if no libcurl of matching version
// was found
USERVER_DOWNLOAD_PACKAGE_CURL:BOOL=ON

//Download and setup Fmt if no Fmt of matching version was found
USERVER_DOWNLOAD_PACKAGE_FMT:BOOL=ON

//Download and setup gbench if no gbench of matching version was
// found
USERVER_DOWNLOAD_PACKAGE_GBENCH:BOOL=ON

//Download and setup gtest if no gtest of matching version was
// found
USERVER_DOWNLOAD_PACKAGE_GTEST:BOOL=ON

//Download and setup Re2 if no Re2 matching version was found
USERVER_DOWNLOAD_PACKAGE_RE2:BOOL=ON

//Provide chaotic-codegen for jsonschema
USERVER_FEATURE_CHAOTIC:BOOL=ON

//Provide chaotic-codegen for openapi
USERVER_FEATURE_CHAOTIC_EXPERIMENTAL:BOOL=OFF

//Provide asynchronous driver for ClickHouse
USERVER_FEATURE_CLICKHOUSE:BOOL=OFF

//Provide a core library with coroutines, otherwise build only
// userver-universal
USERVER_FEATURE_CORE:BOOL=ON

//Provide wrappers for Base64 URL decoding and encoding algorithms
// of crypto++
USERVER_FEATURE_CRYPTOPP_BASE64_URL:BOOL=ON

//Provide wrappers for blake2 algorithms of crypto++
USERVER_FEATURE_CRYPTOPP_BLAKE2:BOOL=ON

//Require double-width compare-exchange-swap
USERVER_FEATURE_DWCAS:BOOL=ON

//Build easy HTTP server library
USERVER_FEATURE_EASY:BOOL=OFF

//Logs of this and below levels are removed from binary, possible
// values: trace, info, debug, warning, error
USERVER_FEATURE_ERASE_LOG_WITH_LEVEL:STRING=

//Provide asynchronous driver for gRPC
USERVER_FEATURE_GRPC:BOOL=OFF

//Build grpc reflection library
USERVER_FEATURE_GRPC_REFLECTION:BOOL=OFF

//Enable linkage with jemalloc memory allocator
USERVER_FEATURE_JEMALLOC:BOOL=ON

//Provide asynchronous driver for Apache Kafka
USERVER_FEATURE_KAFKA:BOOL=OFF

//Provide asynchronous driver for MongoDB
USERVER_FEATURE_MONGODB:BOOL=OFF

//Provide asynchronous driver for MariaDB/MySQL
USERVER_FEATURE_MYSQL:BOOL=OFF

//Provide asynchronous OTLP exporters
USERVER_FEATURE_OTLP:BOOL=OFF

//Provide asynchronous driver for PostgreSQL
USERVER_FEATURE_POSTGRESQL:BOOL=OFF

//Provide asynchronous driver for RabbitMQ
USERVER_FEATURE_RABBITMQ:BOOL=OFF

//Provide asynchronous driver for Redis
USERVER_FEATURE_REDIS:BOOL=OFF

//Provide asynchronous driver for Rocks
USERVER_FEATURE_ROCKS:BOOL=OFF

//Build S3 api client library
USERVER_FEATURE_S3API:BOOL=OFF

//Allow capturing stacktraces using boost::stacktrace
USERVER_FEATURE_STACKTRACE:BOOL=ON

//Enable coroutine stack usage monitor if available
USERVER_FEATURE_STACK_USAGE_MONITOR:BOOL=ON

//Enable functional tests via testsuite
USERVER_FEATURE_TESTSUITE:BOOL=ON

//Use vendored boost context instead of a system one
USERVER_FEATURE_UBOOST_CORO:BOOL=ON

//Provide 'utest' and 'ubench' for gtest and gbenchmark integration
USERVER_FEATURE_UTEST:BOOL=ON

//Provide asynchronous driver for YDB
USERVER_FEATURE_YDB:BOOL=OFF

//Download Curl even if there is an installed system package
USERVER_FORCE_DOWNLOAD_CURL:BOOL=OFF

//Download fmt even if there is an installed system package
USERVER_FORCE_DOWNLOAD_FMT:BOOL=OFF

//Download all possible third party packages even if a system package
// is available
USERVER_FORCE_DOWNLOAD_PACKAGES:BOOL=OFF

//Download Re2 even if it exists in a system
USERVER_FORCE_DOWNLOAD_RE2:BOOL=OFF

//Prepare build of userver to install in system
USERVER_INSTALL:BOOL=OFF

//Use link time optimizations
USERVER_LTO:BOOL=OFF

//C++ namespace to use
USERVER_NAMESPACE:STRING=userver

//Open C++ namespace to use
USERVER_NAMESPACE_BEGIN:STRING='namespace userver { inline namespace v2_9_rc { '

//Close C++ namespace to use
USERVER_NAMESPACE_END:STRING=} }

//Do not treat warnings as errors
USERVER_NO_WERROR:BOOL=ON

//Generate PGO profiles on run
USERVER_PGO_GENERATE:BOOL=OFF

//Path to profile file for PGO
USERVER_PGO_USE:FILEPATH=

//Options for all pip calls
USERVER_PIP_OPTIONS:STRING=

//Use system python packages inside venv
USERVER_PIP_USE_SYSTEM_PACKAGES:BOOL=OFF

//Path to python3 executable to use
USERVER_PYTHON_PATH:FILEPATH=python3

//Sanitizer, possible values: mem, addr, thread, ub
USERVER_SANITIZE:STRING=

//Blacklist for sanitizers
USERVER_SANITIZE_BLACKLIST:FILEPATH=

//Use ccache for build
USERVER_USE_CCACHE:BOOL=ON

//Linker to use e.g. gold, lld
USERVER_USE_LD:STRING=

//Tries to find all dependencies as static libraries
USERVER_USE_STATIC_LIBS:BOOL=OFF

//Use libidn2 for IDN support
USE_LIBIDN2:BOOL=ON

//Use Nghttp2 library
USE_NGHTTP2:BOOL=OFF

//Use ngtcp2 and nghttp3 libraries for HTTP/3 support
USE_NGTCP2:BOOL=OFF

//Use quiche library for HTTP/3 support
USE_QUICHE:BOOL=OFF

//Path to a file.
UserverGBench_INCLUDE_DIRS_benchmark_benchmark_h:PATH=UserverGBench_INCLUDE_DIRS_benchmark_benchmark_h-NOTFOUND

//Path to a library.
UserverGBench_LIBRARIES_benchmark:FILEPATH=UserverGBench_LIBRARIES_benchmark-NOTFOUND

//Path to a library.
UserverGBench_LIBRARIES_benchmark_main:FILEPATH=UserverGBench_LIBRARIES_benchmark_main-NOTFOUND

//Path to a file.
ZLIB_INCLUDE_DIR:PATH=/usr/include

//Path to a library.
ZLIB_LIBRARY_DEBUG:FILEPATH=ZLIB_LIBRARY_DEBUG-NOTFOUND

//Path to a library.
ZLIB_LIBRARY_RELEASE:FILEPATH=/usr/lib/x86_64-linux-gnu/libz.so

//Value Computed by CMake
benchmark_BINARY_DIR:STATIC=/home/tikhonov-a/CLionProjects/BSF_prototype/cmake-build-debug/_deps/benchmark-build

//Value Computed by CMake
benchmark_IS_TOP_LEVEL:STATIC=OFF

//Dependencies for the target
benchmark_LIB_DEPENDS:STATIC=general;rt;

//Value Computed by CMake
benchmark_SOURCE_DIR:STATIC=/home/tikhonov-a/CLionProjects/BSF_prototype/cmake-build-debug/_deps/benchmark-src

//Dependencies for the target
benchmark_main_LIB_DEPENDS:STATIC=general;benchmark::benchmark;

//The directory containing a CMake configuration file for boost_atomic.
boost_atomic_DIR:PATH=/usr/lib/x86_64-linux-gnu/cmake/boost_atomic-1.83.0

//The directory containing a CMake configuration file for boost_chrono.
boost_chrono_DIR:PATH=/usr/lib/x86_64-linux-gnu/cmake/boost_chrono-1.83.0

//The directory containing a CMake configuration file for boost_filesystem.
boost_filesystem_DIR:PATH=/usr/lib/x86_64-linux-gnu/cmake/boost_filesystem-1.83.0

//The directory containing a CMake configuration file for boost_headers.
boost_headers_DIR:PATH=/usr/lib/x86_64-linux-gnu/cmake/boost_headers-1.83.0

//The directory containing a CMake configuration file for boost_iostreams.
boost_iostreams_DIR:PATH=/usr/lib/x86_64-linux-gnu/cmake/boost_iostreams-1.83.0

//The directory containing a CMake configuration file for boost_locale.
boost_locale_DIR:PATH=/usr/lib/x86_64-linux-gnu/cmake/boost_locale-1.83.0

//The directory containing a CMake configuration file for boost_program_options.
boost_program_options_DIR:PATH=/usr/lib/x86_64-linux-gnu/cmake/boost_program_options-1.83.0

//The directory containing a CMake configuration file for boost_regex.
boost_regex_DIR:PATH=/usr/lib/x86_64-linux-gnu/cmake/boost_regex-1.83.0

//The directory containing a CMake configuration file for boost_stacktrace_backtrace.
boost_stacktrace_backtrace_DIR:PATH=/usr/lib/x86_64-linux-gnu/cmake/boost_stacktrace_backtrace-1.83.0

//The directory containing a CMake configuration file for boost_stacktrace_basic.
boost_stacktrace_basic_DIR:PATH=/usr/lib/x86_64-linux-gnu/cmake/boost_stacktrace_basic-1.83.0

//The directory containing a CMake configuration file for boost_thread.
boost_thread_DIR:PATH=/usr/lib/x86_64-linux-gnu/cmake/boost_thread-1.83.0

//Value Computed by CMake
bsf_prototype_BINARY_DIR:STATIC=/home/tikhonov-a/CLionProjects/BSF_prototype/cmake-build-debug

//Value Computed by CMake
bsf_prototype_IS_TOP_LEVEL:STATIC=ON

//Value Computed by CMake
bsf_prototype_SOURCE_DIR:STATIC=/home/tikhonov-a/CLionProjects/BSF_prototype

//Value Computed by CMake
c-ares_BINARY_DIR:STATIC=/home/tikhonov-a/CLionProjects/BSF_prototype/cmake-build-debug/_deps/c-ares-build

//Path to a file.
c-ares_INCLUDE_DIRS_ares_h:PATH=c-ares_INCLUDE_DIRS_ares_h-NOTFOUND

//Value Computed by CMake
c-ares_IS_TOP_LEVEL:STATIC=OFF

//Path to a library.
c-ares_LIBRARIES_cares_static_cares:FILEPATH=c-ares_LIBRARIES_cares_static_cares-NOTFOUND

//Value Computed by CMake
c-ares_SOURCE_DIR:STATIC=/home/tikhonov-a/CLionProjects/BSF_prototype/cmake-build-debug/_deps/c-ares-src

//Value Computed by CMake
cctz_BINARY_DIR:STATIC=/home/tikhonov-a/CLionProjects/BSF_prototype/cmake-build-debug/_deps/cctz-build

//Path to a file.
cctz_INCLUDE_DIRS_cctz_civil_time_h:PATH=cctz_INCLUDE_DIRS_cctz_civil_time_h-NOTFOUND

//Value Computed by CMake
cctz_IS_TOP_LEVEL:STATIC=OFF

//Path to a library.
cctz_LIBRARIES_cctz:FILEPATH=cctz_LIBRARIES_cctz-NOTFOUND

//Value Computed by CMake
cctz_SOURCE_DIR:STATIC=/home/tikhonov-a/CLionProjects/BSF_prototype/cmake-build-debug/_deps/cctz-src

//Value Computed by CMake
cryptopp-cmake_BINARY_DIR:STATIC=/home/tikhonov-a/CLionProjects/BSF_prototype/cmake-build-debug/_deps/cryptopp-cmake-build

//Value Computed by CMake
cryptopp-cmake_IS_TOP_LEVEL:STATIC=OFF

//Value Computed by CMake
cryptopp-cmake_SOURCE_DIR:STATIC=/home/tikhonov-a/CLionProjects/BSF_prototype/cmake-build-debug/_deps/cryptopp-cmake-src

//Path to a file.
cryptopp_INCLUDE_DIRS_cryptopp_cryptlib_h:PATH=cryptopp_INCLUDE_DIRS_cryptopp_cryptlib_h-NOTFOUND

//Path to a library.
cryptopp_LIBRARIES_cryptopp_cryptlib:FILEPATH=cryptopp_LIBRARIES_cryptopp_cryptlib-NOTFOUND

//Path to a file.
fmt_INCLUDE_DIRS_fmt_format_h:PATH=fmt_INCLUDE_DIRS_fmt_format_h-NOTFOUND

//Path to a library.
fmt_LIBRARIES_fmt:FILEPATH=fmt_LIBRARIES_fmt-NOTFOUND

//Value Computed by CMake
gmock_BINARY_DIR:STATIC=/home/tikhonov-a/CLionProjects/BSF_prototype/cmake-build-debug/_deps/googletest-build/googlemock

//Value Computed by CMake
gmock_IS_TOP_LEVEL:STATIC=OFF

//Value Computed by CMake
gmock_SOURCE_DIR:STATIC=/home/tikhonov-a/CLionProjects/BSF_prototype/cmake-build-debug/_deps/googletest-src/googlemock

//Build all of Google Mock's own tests.
gmock_build_tests:BOOL=OFF

//Value Computed by CMake
googletest-distribution_BINARY_DIR:STATIC=/home/tikhonov-a/CLionProjects/BSF_prototype/cmake-build-debug/_deps/googletest-build

//Value Computed by CMake
googletest-distribution_IS_TOP_LEVEL:STATIC=OFF

//Value Computed by CMake
googletest-distribution_SOURCE_DIR:STATIC=/home/tikhonov-a/CLionProjects/BSF_prototype/cmake-build-debug/_deps/googletest-src

//Value Computed by CMake
gtest_BINARY_DIR:STATIC=/home/tikhonov-a/CLionProjects/BSF_prototype/cmake-build-debug/_deps/googletest-build/googletest

//Value Computed by CMake
gtest_IS_TOP_LEVEL:STATIC=OFF

//Value Computed by CMake
gtest_SOURCE_DIR:STATIC=/home/tikhonov-a/CLionProjects/BSF_prototype/cmake-build-debug/_deps/googletest-src/googletest

//Build gtest's sample programs.
gtest_build_samples:BOOL=OFF

//Build all of gtest's own tests.
gtest_build_tests:BOOL=OFF

//Disable uses of pthreads in gtest.
gtest_disable_pthreads:BOOL=OFF

//Use shared (DLL) run-time lib even when Google Test is built
// as static lib.
gtest_force_shared_crt:BOOL=OFF

//Build gtest with internal symbols hidden in shared libraries.
gtest_hide_internal_symbols:BOOL=OFF

//Path to a file.
jemalloc_INCLUDE_DIRS_jemalloc_jemalloc_h:PATH=/usr/include

//Path to a library.
jemalloc_LIBRARIES_jemalloc:FILEPATH=/usr/lib/x86_64-linux-gnu/libjemalloc.so

//Version of the jemalloc
jemalloc_VERSION:STRING=5.3.0-2build1

//Path to a file.
libev_INCLUDE_DIRS_ev_h:PATH=/usr/include

//Path to a library.
libev_LIBRARIES_ev:FILEPATH=/usr/lib/x86_64-linux-gnu/libev.so

//Version of the libev
libev_VERSION:STRING=4.33-2.1build1

//Path to a file.
libnghttp2_INCLUDE_DIRS_nghttp2_nghttp2_h:PATH=/usr/include

//Path to a library.
libnghttp2_LIBRARIES_nghttp2:FILEPATH=/usr/lib/x86_64-linux-gnu/libnghttp2.so

//Version of the libnghttp2
libnghttp2_VERSION:STRING=1.59.0-1ubuntu0.1

//The directory containing a CMake configuration file for nlohmann_json.
nlohmann_json_DIR:PATH=/usr/share/cmake/nlohmann_json

//Path to a library.
pkgcfg_lib__OPENSSL_crypto:FILEPATH=/usr/lib/x86_64-linux-gnu/libcrypto.so

//Path to a library.
pkgcfg_lib__OPENSSL_ssl:FILEPATH=/usr/lib/x86_64-linux-gnu/libssl.so

//Path to a file.
re2_INCLUDE_DIRS_re2_re2_h:PATH=re2_INCLUDE_DIRS_re2_re2_h-NOTFOUND

//Path to a library.
re2_LIBRARIES_re2:FILEPATH=re2_LIBRARIES_re2-NOTFOUND

//Dependencies for the target
re2_LIB_DEPENDS:STATIC=general;ICU::uc;

//Value Computed by CMake
userver-chaotic_BINARY_DIR:STATIC=/home/tikhonov-a/CLionProjects/BSF_prototype/cmake-build-debug/userver-build/chaotic

//Value Computed by CMake
userver-chaotic_IS_TOP_LEVEL:STATIC=OFF

//Value Computed by CMake
userver-chaotic_SOURCE_DIR:STATIC=/home/tikhonov-a/CLionProjects/BSF_prototype/userver/chaotic

//Value Computed by CMake
userver-core_BINARY_DIR:STATIC=/home/tikhonov-a/CLionProjects/BSF_prototype/cmake-build-debug/userver-build/core

//Value Computed by CMake
userver-core_IS_TOP_LEVEL:STATIC=OFF

//Value Computed by CMake
userver-core_SOURCE_DIR:STATIC=/home/tikhonov-a/CLionProjects/BSF_prototype/userver/core

//Value Computed by CMake
userver-http-parser_BINARY_DIR:STATIC=/home/tikhonov-a/CLionProjects/BSF_prototype/cmake-build-debug/userver-build/core/http-parser

//Value Computed by CMake
userver-http-parser_IS_TOP_LEVEL:STATIC=OFF

//Value Computed by CMake
userver-http-parser_SOURCE_DIR:STATIC=/home/tikhonov-a/CLionProjects/BSF_prototype/userver/third_party/http-parser

//Value Computed by CMake
userver-librseq_BINARY_DIR:STATIC=/home/tikhonov-a/CLionProjects/BSF_prototype/cmake-build-debug/userver-build/core/librseq

//Value Computed by CMake
userver-librseq_IS_TOP_LEVEL:STATIC=OFF

//Value Computed by CMake
userver-librseq_SOURCE_DIR:STATIC=/home/tikhonov-a/CLionProjects/BSF_prototype/userver/third_party/librseq

//Value Computed by CMake
userver-llhttp_BINARY_DIR:STATIC=/home/tikhonov-a/CLionProjects/BSF_prototype/cmake-build-debug/userver-build/core/llhttp

//Value Computed by CMake
userver-llhttp_IS_TOP_LEVEL:STATIC=OFF

//Value Computed by CMake
userver-llhttp_SOURCE_DIR:STATIC=/home/tikhonov-a/CLionProjects/BSF_prototype/userver/third_party/llhttp

//Value Computed by CMake
userver-uboost-coro_BINARY_DIR:STATIC=/home/tikhonov-a/CLionProjects/BSF_prototype/cmake-build-debug/userver-build/core/uboost_coro_build

//Value Computed by CMake
userver-uboost-coro_IS_TOP_LEVEL:STATIC=OFF

//Value Computed by CMake
userver-uboost-coro_SOURCE_DIR:STATIC=/home/tikhonov-a/CLionProjects/BSF_prototype/userver/third_party/uboost_coro

//Value Computed by CMake
userver-universal-utest_BINARY_DIR:STATIC=/home/tikhonov-a/CLionProjects/BSF_prototype/cmake-build-debug/userver-build/universal/utest

//Value Computed by CMake
userver-universal-utest_IS_TOP_LEVEL:STATIC=OFF

//Value Computed by CMake
userver-universal-utest_SOURCE_DIR:STATIC=/home/tikhonov-a/CLionProjects/BSF_prototype/userver/universal/utest

//Value Computed by CMake
userver-universal_BINARY_DIR:STATIC=/home/tikhonov-a/CLionProjects/BSF_prototype/cmake-build-debug/userver-build/universal

//Value Computed by CMake
userver-universal_IS_TOP_LEVEL:STATIC=OFF

//Value Computed by CMake
userver-universal_SOURCE_DIR:STATIC=/home/tikhonov-a/CLionProjects/BSF_prototype/userver/universal

//Value Computed by CMake
userver-utest_BINARY_DIR:STATIC=/home/tikhonov-a/CLionProjects/BSF_prototype/cmake-build-debug/userver-build/core/utest

//Value Computed by CMake
userver-utest_IS_TOP_LEVEL:STATIC=OFF

//Value Computed by CMake
userver-utest_SOURCE_DIR:STATIC=/home/tikhonov-a/CLionProjects/BSF_prototype/userver/core/utest

//Value Computed by CMake
userver_BINARY_DIR:STATIC=/home/tikhonov-a/CLionProjects/BSF_prototype/cmake-build-debug/userver-build

//The directory containing a CMake configuration file for userver.
userver_DIR:PATH=userver_DIR-NOTFOUND

//Value Computed by CMake
userver_IS_TOP_LEVEL:STATIC=OFF

//Value Computed by CMake
userver_SOURCE_DIR:STATIC=/home/tikhonov-a/CLionProjects/BSF_prototype/userver

//Path to a file.
yaml-cpp_INCLUDE_DIRS_yaml-cpp_yaml_h_yaml-cpp_node_h:PATH=/usr/include

//Path to a library.
yaml-cpp_LIBRARIES_yaml-cpp:FILEPATH=/usr/lib/x86_64-linux-gnu/libyaml-cpp.so

//Version of the yaml-cpp
yaml-cpp_VERSION:STRING=0.8.0+dfsg-6build1

//Path to a file.
zstd_INCLUDE_DIRS_zdict_h_zstd_h_zstd_errors_h:PATH=/usr/include

//Path to a library.
zstd_LIBRARIES_zstd:FILEPATH=/usr/lib/x86_64-linux-gnu/libzstd.so

//Version of the zstd
zstd_VERSION:STRING=1.5.5+dfsg2-2build1


########################
# INTERNAL cache entries
########################

//ADVANCED property for variable: BENCHMARK_CXX_FLAGS_COVERAGE
BENCHMARK_CXX_FLAGS_COVERAGE-ADVANCED:INTERNAL=1
//ADVANCED property for variable: BENCHMARK_EXE_LINKER_FLAGS_COVERAGE
BENCHMARK_EXE_LINKER_FLAGS_COVERAGE-ADVANCED:INTERNAL=1
//ADVANCED property for variable: BENCHMARK_SHARED_LINKER_FLAGS_COVERAGE
BENCHMARK_SHARED_LINKER_FLAGS_COVERAGE-ADVANCED:INTERNAL=1
//Build tests
BUILD_TESTING:INTERNAL=ON
//CARES LIBRARY FOUND
CARES_FOUND:INTERNAL=1
//CARES LIBRARIES
CARES_LIBRARIES:INTERNAL=c-ares::cares
//ADVANCED property for variable: CARES_RANDOM_FILE
CARES_RANDOM_FILE-ADVANCED:INTERNAL=1
//ADVANCED property for variable: CMAKE_ADDR2LINE
CMAKE_ADDR2LINE-ADVANCED:INTERNAL=1
//ADVANCED property for variable: CMAKE_AR
CMAKE_AR-ADVANCED:INTERNAL=1
//ADVANCED property for variable: CMAKE_ASM_COMPILER
CMAKE_ASM_COMPILER-ADVANCED:INTERNAL=1
//ADVANCED property for variable: CMAKE_ASM_COMPILER_AR
CMAKE_ASM_COMPILER_AR-ADVANCED:INTERNAL=1
//ADVANCED property for variable: CMAKE_ASM_COMPILER_RANLIB
CMAKE_ASM_COMPILER_RANLIB-ADVANCED:INTERNAL=1
CMAKE_ASM_COMPILER_WORKS:INTERNAL=1
//ADVANCED property for variable: CMAKE_ASM_FLAGS
CMAKE_ASM_FLAGS-ADVANCED:INTERNAL=1
//ADVANCED property for variable: CMAKE_ASM_FLAGS_DEBUG
CMAKE_ASM_FLAGS_DEBUG-ADVANCED:INTERNAL=1
//ADVANCED property for variable: CMAKE_ASM_FLAGS_MINSIZEREL
CMAKE_ASM_FLAGS_MINSIZEREL-ADVANCED:INTERNAL=1
//ADVANCED property for variable: CMAKE_ASM_FLAGS_RELEASE
CMAKE_ASM_FLAGS_RELEASE-ADVANCED:INTERNAL=1
//ADVANCED property for variable: CMAKE_ASM_FLAGS_RELWITHDEBINFO
CMAKE_ASM_FLAGS_RELWITHDEBINFO-ADVANCED:INTERNAL=1
//This is the directory where this CMakeCache.txt was created
CMAKE_CACHEFILE_DIR:INTERNAL=/home/tikhonov-a/CLionProjects/BSF_prototype/cmake-build-debug
//Major version of cmake used to create the current loaded cache
CMAKE_CACHE_MAJOR_VERSION:INTERNAL=3
//Minor version of cmake used to create the current loaded cache
CMAKE_CACHE_MINOR_VERSION:INTERNAL=29
//Patch version of cmake used to create the current loaded cache
CMAKE_CACHE_PATCH_VERSION:INTERNAL=6
//Path to CMake executable.
CMAKE_COMMAND:INTERNAL=/home/tikhonov-a/Documents/clion-2024.2.3/bin/cmake/linux/x64/bin/cmake
//Path to cpack program executable.
CMAKE_CPACK_COMMAND:INTERNAL=/home/tikhonov-a/Documents/clion-2024.2.3/bin/cmake/linux/x64/bin/cpack
//ADVANCED property for variable: CMAKE_CTEST_COMMAND
CMAKE_CTEST_COMMAND-ADVANCED:INTERNAL=1
//Path to ctest program executable.
CMAKE_CTEST_COMMAND:INTERNAL=/home/tikhonov-a/Documents/clion-2024.2.3/bin/cmake/linux/x64/bin/ctest
//ADVANCED property for variable: CMAKE_CXX_COMPILER
CMAKE_CXX_COMPILER-ADVANCED:INTERNAL=1
//ADVANCED property for variable: CMAKE_CXX_COMPILER_AR
CMAKE_CXX_COMPILER_AR-ADVANCED:INTERNAL=1
//ADVANCED property for variable: CMAKE_CXX_COMPILER_RANLIB
CMAKE_CXX_COMPILER_RANLIB-ADVANCED:INTERNAL=1
//ADVANCED property for variable: CMAKE_CXX_FLAGS
CMAKE_CXX_FLAGS-ADVANCED:INTERNAL=1
//ADVANCED property for variable: CMAKE_CXX_FLAGS_DEBUG
CMAKE_CXX_FLAGS_DEBUG-ADVANCED:INTERNAL=1
//ADVANCED property for variable: CMAKE_CXX_FLAGS_MINSIZEREL
CMAKE_CXX_FLAGS_MINSIZEREL-ADVANCED:INTERNAL=1
//ADVANCED property for variable: CMAKE_CXX_FLAGS_RELEASE
CMAKE_CXX_FLAGS_RELEASE-ADVANCED:INTERNAL=1
//ADVANCED property for variable: CMAKE_CXX_FLAGS_RELWITHDEBINFO
CMAKE_CXX_FLAGS_RELWITHDEBINFO-ADVANCED:INTERNAL=1
//ADVANCED property for variable: CMAKE_C_COMPILER
CMAKE_C_COMPILER-ADVANCED:INTERNAL=1
//ADVANCED property for variable: CMAKE_C_COMPILER_AR
CMAKE_C_COMPILER_AR-ADVANCED:INTERNAL=1
//ADVANCED property for variable: CMAKE_C_COMPILER_RANLIB
CMAKE_C_COMPILER_RANLIB-ADVANCED:INTERNAL=1
//ADVANCED property for variable: CMAKE_C_FLAGS
CMAKE_C_FLAGS-ADVANCED:INTERNAL=1
//ADVANCED property for variable: CMAKE_C_FLAGS_DEBUG
CMAKE_C_FLAGS_DEBUG-ADVANCED:INTERNAL=1
//ADVANCED property for variable: CMAKE_C_FLAGS_MINSIZEREL
CMAKE_C_FLAGS_MINSIZEREL-ADVANCED:INTERNAL=1
//ADVANCED property for variable: CMAKE_C_FLAGS_RELEASE
CMAKE_C_FLAGS_RELEASE-ADVANCED:INTERNAL=1
//ADVANCED property for variable: CMAKE_C_FLAGS_RELWITHDEBINFO
CMAKE_C_FLAGS_RELWITHDEBINFO-ADVANCED:INTERNAL=1
//ADVANCED property for variable: CMAKE_DLLTOOL
CMAKE_DLLTOOL-ADVANCED:INTERNAL=1
//Executable file format
CMAKE_EXECUTABLE_FORMAT:INTERNAL=ELF
//ADVANCED property for variable: CMAKE_EXE_LINKER_FLAGS
CMAKE_EXE_LINKER_FLAGS-ADVANCED:INTERNAL=1
//ADVANCED property for variable: CMAKE_EXE_LINKER_FLAGS_DEBUG
CMAKE_EXE_LINKER_FLAGS_DEBUG-ADVANCED:INTERNAL=1
//ADVANCED property for variable: CMAKE_EXE_LINKER_FLAGS_MINSIZEREL
CMAKE_EXE_LINKER_FLAGS_MINSIZEREL-ADVANCED:INTERNAL=1
//ADVANCED property for variable: CMAKE_EXE_LINKER_FLAGS_RELEASE
CMAKE_EXE_LINKER_FLAGS_RELEASE-ADVANCED:INTERNAL=1
//ADVANCED property for variable: CMAKE_EXE_LINKER_FLAGS_RELWITHDEBINFO
CMAKE_EXE_LINKER_FLAGS_RELWITHDEBINFO-ADVANCED:INTERNAL=1
//ADVANCED property for variable: CMAKE_EXPORT_COMPILE_COMMANDS
CMAKE_EXPORT_COMPILE_COMMANDS-ADVANCED:INTERNAL=1
//Name of external makefile project generator.
CMAKE_EXTRA_GENERATOR:INTERNAL=
//Name of generator.
CMAKE_GENERATOR:INTERNAL=Ninja
//Generator instance identifier.
CMAKE_GENERATOR_INSTANCE:INTERNAL=
//Name of generator platform.
CMAKE_GENERATOR_PLATFORM:INTERNAL=
//Name of generator toolset.
CMAKE_GENERATOR_TOOLSET:INTERNAL=
//Test CMAKE_HAVE_LIBC_PTHREAD
CMAKE_HAVE_LIBC_PTHREAD:INTERNAL=1
//Source directory with the top level CMakeLists.txt file for this
// project
CMAKE_HOME_DIRECTORY:INTERNAL=/home/tikhonov-a/CLionProjects/BSF_prototype
//ADVANCED property for variable: CMAKE_INSTALL_BINDIR
CMAKE_INSTALL_BINDIR-ADVANCED:INTERNAL=1
//ADVANCED property for variable: CMAKE_INSTALL_DATADIR
CMAKE_INSTALL_DATADIR-ADVANCED:INTERNAL=1
//ADVANCED property for variable: CMAKE_INSTALL_DATAROOTDIR
CMAKE_INSTALL_DATAROOTDIR-ADVANCED:INTERNAL=1
//ADVANCED property for variable: CMAKE_INSTALL_DOCDIR
CMAKE_INSTALL_DOCDIR-ADVANCED:INTERNAL=1
//ADVANCED property for variable: CMAKE_INSTALL_INCLUDEDIR
CMAKE_INSTALL_INCLUDEDIR-ADVANCED:INTERNAL=1
//ADVANCED property for variable: CMAKE_INSTALL_INFODIR
CMAKE_INSTALL_INFODIR-ADVANCED:INTERNAL=1
//ADVANCED property for variable: CMAKE_INSTALL_LIBDIR
CMAKE_INSTALL_LIBDIR-ADVANCED:INTERNAL=1
//ADVANCED property for variable: CMAKE_INSTALL_LIBEXECDIR
CMAKE_INSTALL_LIBEXECDIR-ADVANCED:INTERNAL=1
//ADVANCED property for variable: CMAKE_INSTALL_LOCALEDIR
CMAKE_INSTALL_LOCALEDIR-ADVANCED:INTERNAL=1
//ADVANCED property for variable: CMAKE_INSTALL_LOCALSTATEDIR
CMAKE_INSTALL_LOCALSTATEDIR-ADVANCED:INTERNAL=1
//ADVANCED property for variable: CMAKE_INSTALL_MANDIR
CMAKE_INSTALL_MANDIR-ADVANCED:INTERNAL=1
//ADVANCED property for variable: CMAKE_INSTALL_OLDINCLUDEDIR
CMAKE_INSTALL_OLDINCLUDEDIR-ADVANCED:INTERNAL=1
//ADVANCED property for variable: CMAKE_INSTALL_RUNSTATEDIR
CMAKE_INSTALL_RUNSTATEDIR-ADVANCED:INTERNAL=1
//ADVANCED property for variable: CMAKE_INSTALL_SBINDIR
CMAKE_INSTALL_SBINDIR-ADVANCED:INTERNAL=1
//ADVANCED property for variable: CMAKE_INSTALL_SHAREDSTATEDIR
CMAKE_INSTALL_SHAREDSTATEDIR-ADVANCED:INTERNAL=1
//Install .so files without execute permission.
CMAKE_INSTALL_SO_NO_EXE:INTERNAL=1
//ADVANCED property for variable: CMAKE_INSTALL_SYSCONFDIR
CMAKE_INSTALL_SYSCONFDIR-ADVANCED:INTERNAL=1
//ADVANCED property for variable: CMAKE_LINKER
CMAKE_LINKER-ADVANCED:INTERNAL=1
//ADVANCED property for variable: CMAKE_MODULE_LINKER_FLAGS
CMAKE_MODULE_LINKER_FLAGS-ADVANCED:INTERNAL=1
//ADVANCED property for variable: CMAKE_MODULE_LINKER_FLAGS_DEBUG
CMAKE_MODULE_LINKER_FLAGS_DEBUG-ADVANCED:INTERNAL=1
//ADVANCED property for variable: CMAKE_MODULE_LINKER_FLAGS_MINSIZEREL
CMAKE_MODULE_LINKER_FLAGS_MINSIZEREL-ADVANCED:INTERNAL=1
//ADVANCED property for variable: CMAKE_MODULE_LINKER_FLAGS_RELEASE
CMAKE_MODULE_LINKER_FLAGS_RELEASE-ADVANCED:INTERNAL=1
//ADVANCED property for variable: CMAKE_MODULE_LINKER_FLAGS_RELWITHDEBINFO
CMAKE_MODULE_LINKER_FLAGS_RELWITHDEBINFO-ADVANCED:INTERNAL=1
//ADVANCED property for variable: CMAKE_NM
CMAKE_NM-ADVANCED:INTERNAL=1
//number of local generators
CMAKE_NUMBER_OF_MAKEFILES:INTERNAL=30
//ADVANCED property for variable: CMAKE_OBJCOPY
CMAKE_OBJCOPY-ADVANCED:INTERNAL=1
//ADVANCED property for variable: CMAKE_OBJDUMP
CMAKE_OBJDUMP-ADVANCED:INTERNAL=1
//Platform information initialized
CMAKE_PLATFORM_INFO_INITIALIZED:INTERNAL=1
//ADVANCED property for variable: CMAKE_RANLIB
CMAKE_RANLIB-ADVANCED:INTERNAL=1
//ADVANCED property for variable: CMAKE_READELF
CMAKE_READELF-ADVANCED:INTERNAL=1
//Path to CMake installation.
CMAKE_ROOT:INTERNAL=/home/tikhonov-a/Documents/clion-2024.2.3/bin/cmake/linux/x64/share/cmake-3.29
//ADVANCED property for variable: CMAKE_SHARED_LINKER_FLAGS
CMAKE_SHARED_LINKER_FLAGS-ADVANCED:INTERNAL=1
//ADVANCED property for variable: CMAKE_SHARED_LINKER_FLAGS_DEBUG
CMAKE_SHARED_LINKER_FLAGS_DEBUG-ADVANCED:INTERNAL=1
//ADVANCED property for variable: CMAKE_SHARED_LINKER_FLAGS_MINSIZEREL
CMAKE_SHARED_LINKER_FLAGS_MINSIZEREL-ADVANCED:INTERNAL=1
//ADVANCED property for variable: CMAKE_SHARED_LINKER_FLAGS_RELEASE
CMAKE_SHARED_LINKER_FLAGS_RELEASE-ADVANCED:INTERNAL=1
//ADVANCED property for variable: CMAKE_SHARED_LINKER_FLAGS_RELWITHDEBINFO
CMAKE_SHARED_LINKER_FLAGS_RELWITHDEBINFO-ADVANCED:INTERNAL=1
//ADVANCED property for variable: CMAKE_SKIP_INSTALL_RPATH
CMAKE_SKIP_INSTALL_RPATH-ADVANCED:INTERNAL=1
//ADVANCED property for variable: CMAKE_SKIP_RPATH
CMAKE_SKIP_RPATH-ADVANCED:INTERNAL=1
//ADVANCED property for variable: CMAKE_STATIC_LINKER_FLAGS
CMAKE_STATIC_LINKER_FLAGS-ADVANCED:INTERNAL=1
//ADVANCED property for variable: CMAKE_STATIC_LINKER_FLAGS_DEBUG
CMAKE_STATIC_LINKER_FLAGS_DEBUG-ADVANCED:INTERNAL=1
//ADVANCED property for variable: CMAKE_STATIC_LINKER_FLAGS_MINSIZEREL
CMAKE_STATIC_LINKER_FLAGS_MINSIZEREL-ADVANCED:INTERNAL=1
//ADVANCED property for variable: CMAKE_STATIC_LINKER_FLAGS_RELEASE
CMAKE_STATIC_LINKER_FLAGS_RELEASE-ADVANCED:INTERNAL=1
//ADVANCED property for variable: CMAKE_STATIC_LINKER_FLAGS_RELWITHDEBINFO
CMAKE_STATIC_LINKER_FLAGS_RELWITHDEBINFO-ADVANCED:INTERNAL=1
//ADVANCED property for variable: CMAKE_STRIP
CMAKE_STRIP-ADVANCED:INTERNAL=1
//ADVANCED property for variable: CMAKE_TAPI
CMAKE_TAPI-ADVANCED:INTERNAL=1
//uname command
CMAKE_UNAME:INTERNAL=/usr/bin/uname
//ADVANCED property for variable: CMAKE_VERBOSE_MAKEFILE
CMAKE_VERBOSE_MAKEFILE-ADVANCED:INTERNAL=1
//Result of TRY_COMPILE
COMMAND_SUCCESS:INTERNAL=TRUE
//Result of TRY_COMPILE
COMPILE_HAVE_GNU_POSIX_REGEX:INTERNAL=FALSE
//Result of TRY_COMPILE
COMPILE_HAVE_POSIX_REGEX:INTERNAL=TRUE
//Result of TRY_COMPILE
COMPILE_HAVE_STD_REGEX:INTERNAL=TRUE
//Result of TRY_COMPILE
COMPILE_HAVE_STEADY_CLOCK:INTERNAL=TRUE
//Result of TRY_COMPILE
COMPILE_RESULT:INTERNAL=TRUE
//ADVANCED property for variable: COVERAGE_COMMAND
COVERAGE_COMMAND-ADVANCED:INTERNAL=1
//ADVANCED property for variable: COVERAGE_EXTRA_FLAGS
COVERAGE_EXTRA_FLAGS-ADVANCED:INTERNAL=1
CPM_DIRECTORY:INTERNAL=/home/tikhonov-a/CLionProjects/BSF_prototype/cmake-build-debug/cmake
//Don't download or configure dependencies (for testing)
CPM_DRY_RUN:INTERNAL=OFF
CPM_FILE:INTERNAL=/home/tikhonov-a/CLionProjects/BSF_prototype/cmake-build-debug/cmake/CPM_0.40.8.cmake
CPM_INDENT:INTERNAL=CPM:
CPM_PACKAGES:INTERNAL=googletest;cryptopp-cmake;fmt;cctz;re2;benchmark;c-ares;curl
CPM_PACKAGE_LOCK_FILE:INTERNAL=/home/tikhonov-a/CLionProjects/BSF_prototype/cmake-build-debug/cpm-package-lock.cmake
CPM_PACKAGE_benchmark_BINARY_DIR:INTERNAL=/home/tikhonov-a/CLionProjects/BSF_prototype/cmake-build-debug/_deps/benchmark-build
CPM_PACKAGE_benchmark_SOURCE_DIR:INTERNAL=/home/tikhonov-a/CLionProjects/BSF_prototype/cmake-build-debug/_deps/benchmark-src
CPM_PACKAGE_benchmark_VERSION:INTERNAL=1.6.1
CPM_PACKAGE_c-ares_BINARY_DIR:INTERNAL=/home/tikhonov-a/CLionProjects/BSF_prototype/cmake-build-debug/_deps/c-ares-build
CPM_PACKAGE_c-ares_SOURCE_DIR:INTERNAL=/home/tikhonov-a/CLionProjects/BSF_prototype/cmake-build-debug/_deps/c-ares-src
CPM_PACKAGE_c-ares_VERSION:INTERNAL=1.19.0
CPM_PACKAGE_cctz_BINARY_DIR:INTERNAL=/home/tikhonov-a/CLionProjects/BSF_prototype/cmake-build-debug/_deps/cctz-build
CPM_PACKAGE_cctz_SOURCE_DIR:INTERNAL=/home/tikhonov-a/CLionProjects/BSF_prototype/cmake-build-debug/_deps/cctz-src
CPM_PACKAGE_cctz_VERSION:INTERNAL=2.3
CPM_PACKAGE_cryptopp-cmake_BINARY_DIR:INTERNAL=/home/tikhonov-a/CLionProjects/BSF_prototype/cmake-build-debug/_deps/cryptopp-cmake-build
CPM_PACKAGE_cryptopp-cmake_SOURCE_DIR:INTERNAL=/home/tikhonov-a/CLionProjects/BSF_prototype/cmake-build-debug/_deps/cryptopp-cmake-src
CPM_PACKAGE_cryptopp-cmake_VERSION:INTERNAL=8.9.0
CPM_PACKAGE_curl_BINARY_DIR:INTERNAL=/home/tikhonov-a/CLionProjects/BSF_prototype/cmake-build-debug/_deps/curl-build
CPM_PACKAGE_curl_SOURCE_DIR:INTERNAL=/home/tikhonov-a/CLionProjects/BSF_prototype/cmake-build-debug/_deps/curl-src
CPM_PACKAGE_curl_VERSION:INTERNAL=7.81
CPM_PACKAGE_fmt_BINARY_DIR:INTERNAL=/home/tikhonov-a/CLionProjects/BSF_prototype/cmake-build-debug/_deps/fmt-build
CPM_PACKAGE_fmt_SOURCE_DIR:INTERNAL=/home/tikhonov-a/CLionProjects/BSF_prototype/cmake-build-debug/_deps/fmt-src
CPM_PACKAGE_fmt_VERSION:INTERNAL=11.1.4
CPM_PACKAGE_googletest_BINARY_DIR:INTERNAL=/home/tikhonov-a/CLionProjects/BSF_prototype/cmake-build-debug/_deps/googletest-build
CPM_PACKAGE_googletest_SOURCE_DIR:INTERNAL=/home/tikhonov-a/CLionProjects/BSF_prototype/cmake-build-debug/_deps/googletest-src
CPM_PACKAGE_googletest_VERSION:INTERNAL=1.14.0
CPM_PACKAGE_re2_BINARY_DIR:INTERNAL=/home/tikhonov-a/CLionProjects/BSF_prototype/cmake-build-debug/_deps/re2-build
CPM_PACKAGE_re2_SOURCE_DIR:INTERNAL=/home/tikhonov-a/CLionProjects/BSF_prototype/cmake-build-debug/_deps/re2-src
CPM_PACKAGE_re2_VERSION:INTERNAL=2023-03-01
CPM_VERSION:INTERNAL=0.40.8
//Test CRYPTOPP_HAVE_AESNI
CRYPTOPP_HAVE_AESNI:INTERNAL=1
//Test CRYPTOPP_HAVE_AVX
CRYPTOPP_HAVE_AVX:INTERNAL=1
//Test CRYPTOPP_HAVE_AVX2
CRYPTOPP_HAVE_AVX2:INTERNAL=1
//Test CRYPTOPP_HAVE_CLMUL
CRYPTOPP_HAVE_CLMUL:INTERNAL=1
//Test CRYPTOPP_HAVE_SHANI
CRYPTOPP_HAVE_SHANI:INTERNAL=1
//Test CRYPTOPP_HAVE_SSE2
CRYPTOPP_HAVE_SSE2:INTERNAL=1
//Test CRYPTOPP_HAVE_SSE3
CRYPTOPP_HAVE_SSE3:INTERNAL=1
//Test CRYPTOPP_HAVE_SSE41
CRYPTOPP_HAVE_SSE41:INTERNAL=1
//Test CRYPTOPP_HAVE_SSE42
CRYPTOPP_HAVE_SSE42:INTERNAL=1
//Test CRYPTOPP_HAVE_SSSE3
CRYPTOPP_HAVE_SSSE3:INTERNAL=1
//ADVANCED property for variable: CTEST_SUBMIT_RETRY_COUNT
CTEST_SUBMIT_RETRY_COUNT-ADVANCED:INTERNAL=1
//ADVANCED property for variable: CTEST_SUBMIT_RETRY_DELAY
CTEST_SUBMIT_RETRY_DELAY-ADVANCED:INTERNAL=1
//ADVANCED property for variable: CURL_DIR
CURL_DIR-ADVANCED:INTERNAL=1
//ADVANCED property for variable: CURL_DISABLE_ALTSVC
CURL_DISABLE_ALTSVC-ADVANCED:INTERNAL=1
//ADVANCED property for variable: CURL_DISABLE_COOKIES
CURL_DISABLE_COOKIES-ADVANCED:INTERNAL=1
//ADVANCED property for variable: CURL_DISABLE_CRYPTO_AUTH
CURL_DISABLE_CRYPTO_AUTH-ADVANCED:INTERNAL=1
//ADVANCED property for variable: CURL_DISABLE_DICT
CURL_DISABLE_DICT-ADVANCED:INTERNAL=1
//ADVANCED property for variable: CURL_DISABLE_DOH
CURL_DISABLE_DOH-ADVANCED:INTERNAL=1
//ADVANCED property for variable: CURL_DISABLE_FILE
CURL_DISABLE_FILE-ADVANCED:INTERNAL=1
//ADVANCED property for variable: CURL_DISABLE_FTP
CURL_DISABLE_FTP-ADVANCED:INTERNAL=1
//ADVANCED property for variable: CURL_DISABLE_GETOPTIONS
CURL_DISABLE_GETOPTIONS-ADVANCED:INTERNAL=1
//ADVANCED property for variable: CURL_DISABLE_GOPHER
CURL_DISABLE_GOPHER-ADVANCED:INTERNAL=1
//ADVANCED property for variable: CURL_DISABLE_HSTS
CURL_DISABLE_HSTS-ADVANCED:INTERNAL=1
//ADVANCED property for variable: CURL_DISABLE_HTTP
CURL_DISABLE_HTTP-ADVANCED:INTERNAL=1
//ADVANCED property for variable: CURL_DISABLE_HTTP_AUTH
CURL_DISABLE_HTTP_AUTH-ADVANCED:INTERNAL=1
//ADVANCED property for variable: CURL_DISABLE_IMAP
CURL_DISABLE_IMAP-ADVANCED:INTERNAL=1
//ADVANCED property for variable: CURL_DISABLE_LDAP
CURL_DISABLE_LDAP-ADVANCED:INTERNAL=1
//ADVANCED property for variable: CURL_DISABLE_LDAPS
CURL_DISABLE_LDAPS-ADVANCED:INTERNAL=1
//ADVANCED property for variable: CURL_DISABLE_LIBCURL_OPTION
CURL_DISABLE_LIBCURL_OPTION-ADVANCED:INTERNAL=1
//ADVANCED property for variable: CURL_DISABLE_MIME
CURL_DISABLE_MIME-ADVANCED:INTERNAL=1
//ADVANCED property for variable: CURL_DISABLE_MQTT
CURL_DISABLE_MQTT-ADVANCED:INTERNAL=1
//ADVANCED property for variable: CURL_DISABLE_NETRC
CURL_DISABLE_NETRC-ADVANCED:INTERNAL=1
//ADVANCED property for variable: CURL_DISABLE_NTLM
CURL_DISABLE_NTLM-ADVANCED:INTERNAL=1
//ADVANCED property for variable: CURL_DISABLE_PARSEDATE
CURL_DISABLE_PARSEDATE-ADVANCED:INTERNAL=1
//ADVANCED property for variable: CURL_DISABLE_POP3
CURL_DISABLE_POP3-ADVANCED:INTERNAL=1
//ADVANCED property for variable: CURL_DISABLE_PROGRESS_METER
CURL_DISABLE_PROGRESS_METER-ADVANCED:INTERNAL=1
//ADVANCED property for variable: CURL_DISABLE_PROXY
CURL_DISABLE_PROXY-ADVANCED:INTERNAL=1
//ADVANCED property for variable: CURL_DISABLE_RTSP
CURL_DISABLE_RTSP-ADVANCED:INTERNAL=1
//ADVANCED property for variable: CURL_DISABLE_SHUFFLE_DNS
CURL_DISABLE_SHUFFLE_DNS-ADVANCED:INTERNAL=1
//ADVANCED property for variable: CURL_DISABLE_SMB
CURL_DISABLE_SMB-ADVANCED:INTERNAL=1
//ADVANCED property for variable: CURL_DISABLE_SMTP
CURL_DISABLE_SMTP-ADVANCED:INTERNAL=1
//ADVANCED property for variable: CURL_DISABLE_SOCKETPAIR
CURL_DISABLE_SOCKETPAIR-ADVANCED:INTERNAL=1
//ADVANCED property for variable: CURL_DISABLE_TELNET
CURL_DISABLE_TELNET-ADVANCED:INTERNAL=1
//ADVANCED property for variable: CURL_DISABLE_TFTP
CURL_DISABLE_TFTP-ADVANCED:INTERNAL=1
//ADVANCED property for variable: CURL_DISABLE_VERBOSE_STRINGS
CURL_DISABLE_VERBOSE_STRINGS-ADVANCED:INTERNAL=1
//ADVANCED property for variable: CURL_ENABLE_EXPORT_TARGET
CURL_ENABLE_EXPORT_TARGET-ADVANCED:INTERNAL=1
//ADVANCED property for variable: CURL_HIDDEN_SYMBOLS
CURL_HIDDEN_SYMBOLS-ADVANCED:INTERNAL=1
//ADVANCED property for variable: CURL_INCLUDE_DIR
CURL_INCLUDE_DIR-ADVANCED:INTERNAL=1
//ADVANCED property for variable: CURL_LIBRARY_DEBUG
CURL_LIBRARY_DEBUG-ADVANCED:INTERNAL=1
//ADVANCED property for variable: CURL_LIBRARY_RELEASE
CURL_LIBRARY_RELEASE-ADVANCED:INTERNAL=1
//ADVANCED property for variable: CURL_USE_GSSAPI
CURL_USE_GSSAPI-ADVANCED:INTERNAL=1
//ADVANCED property for variable: CURL_USE_LIBSSH
CURL_USE_LIBSSH-ADVANCED:INTERNAL=1
//ADVANCED property for variable: CURL_USE_LIBSSH2
CURL_USE_LIBSSH2-ADVANCED:INTERNAL=1
//ADVANCED property for variable: CURL_USE_OPENLDAP
CURL_USE_OPENLDAP-ADVANCED:INTERNAL=1
//STRINGS property for variable: CURL_ZLIB
CURL_ZLIB-STRINGS:INTERNAL=AUTO;ON;OFF
//ADVANCED property for variable: DART_TESTING_TIMEOUT
DART_TESTING_TIMEOUT-ADVANCED:INTERNAL=1
//DEBIAN_DEPENDS
DEBIAN_DEPENDS:INTERNAL=
//ADVANCED property for variable: ENABLE_IPV6
ENABLE_IPV6-ADVANCED:INTERNAL=1
//Details about finding Git
FIND_PACKAGE_MESSAGE_DETAILS_Git:INTERNAL=[/usr/bin/git][v2.43.0()]
//Details about finding ICU
FIND_PACKAGE_MESSAGE_DETAILS_ICU:INTERNAL=[/usr/include][/usr/lib/x86_64-linux-gnu/libicuuc.so][ON][v74.2()]
//Details about finding Iconv
FIND_PACKAGE_MESSAGE_DETAILS_Iconv:INTERNAL=[built in to C library][v()]
//Details about finding OpenSSL
FIND_PACKAGE_MESSAGE_DETAILS_OpenSSL:INTERNAL=[/usr/lib/x86_64-linux-gnu/libcrypto.so][/usr/include][c ][v3.0.13()]
//Details about finding Perl
FIND_PACKAGE_MESSAGE_DETAILS_Perl:INTERNAL=[/usr/bin/perl][v5.38.2()]
//Details about finding Python3
FIND_PACKAGE_MESSAGE_DETAILS_Python3:INTERNAL=[/usr/bin/python3.12][cfound components: Interpreter ][v3.12.3()]
//Details about finding Threads
FIND_PACKAGE_MESSAGE_DETAILS_Threads:INTERNAL=[TRUE][v()]
//Details about finding ZLIB
FIND_PACKAGE_MESSAGE_DETAILS_ZLIB:INTERNAL=[/usr/lib/x86_64-linux-gnu/libz.so][/usr/include][c ][v1.3()]
//Details about finding jemalloc
FIND_PACKAGE_MESSAGE_DETAILS_jemalloc:INTERNAL=[/usr/lib/x86_64-linux-gnu/libjemalloc.so][/usr/include][v()]
//Details about finding libev
FIND_PACKAGE_MESSAGE_DETAILS_libev:INTERNAL=[/usr/lib/x86_64-linux-gnu/libev.so][/usr/include][v()]
//Details about finding libnghttp2
FIND_PACKAGE_MESSAGE_DETAILS_libnghttp2:INTERNAL=[/usr/lib/x86_64-linux-gnu/libnghttp2.so][/usr/include][v()]
//Details about finding nlohmann_json
FIND_PACKAGE_MESSAGE_DETAILS_nlohmann_json:INTERNAL=[/usr/share/cmake/nlohmann_json/nlohmann_jsonConfig.cmake][v3.11.3()]
//Details about finding yaml-cpp
FIND_PACKAGE_MESSAGE_DETAILS_yaml-cpp:INTERNAL=[/usr/lib/x86_64-linux-gnu/libyaml-cpp.so][/usr/include][v()]
//Details about finding zstd
FIND_PACKAGE_MESSAGE_DETAILS_zstd:INTERNAL=[/usr/lib/x86_64-linux-gnu/libzstd.so][/usr/include][v()]
//ADVANCED property for variable: GITCOMMAND
GITCOMMAND-ADVANCED:INTERNAL=1
//ADVANCED property for variable: GIT_EXECUTABLE
GIT_EXECUTABLE-ADVANCED:INTERNAL=1
//ADVANCED property for variable: GMOCK_LIBRARY
GMOCK_LIBRARY-ADVANCED:INTERNAL=1
//ADVANCED property for variable: GMOCK_LIBRARY_DEBUG
GMOCK_LIBRARY_DEBUG-ADVANCED:INTERNAL=1
//ADVANCED property for variable: GMOCK_MAIN_LIBRARY
GMOCK_MAIN_LIBRARY-ADVANCED:INTERNAL=1
//ADVANCED property for variable: GMOCK_MAIN_LIBRARY_DEBUG
GMOCK_MAIN_LIBRARY_DEBUG-ADVANCED:INTERNAL=1
//ADVANCED property for variable: GTEST_INCLUDE_DIR
GTEST_INCLUDE_DIR-ADVANCED:INTERNAL=1
//ADVANCED property for variable: GTEST_LIBRARY
GTEST_LIBRARY-ADVANCED:INTERNAL=1
//ADVANCED property for variable: GTEST_LIBRARY_DEBUG
GTEST_LIBRARY_DEBUG-ADVANCED:INTERNAL=1
//ADVANCED property for variable: GTEST_MAIN_LIBRARY
GTEST_MAIN_LIBRARY-ADVANCED:INTERNAL=1
//ADVANCED property for variable: GTEST_MAIN_LIBRARY_DEBUG
GTEST_MAIN_LIBRARY_DEBUG-ADVANCED:INTERNAL=1
//Have include variant
HAS_CXX17_VARIANT:INTERNAL=1
//Test HAS_Wdisabled_optimization
HAS_Wdisabled_optimization:INTERNAL=1
//Test HAS_Wformat_2
HAS_Wformat_2:INTERNAL=1
//Test HAS_Wimplicit_fallthrough
HAS_Wimplicit_fallthrough:INTERNAL=1
//Test HAS_Winvalid_pch
HAS_Winvalid_pch:INTERNAL=1
//Test HAS_Wlogical_op
HAS_Wlogical_op:INTERNAL=1
//Test HAS_Wno_error_deprecated_declarations
HAS_Wno_error_deprecated_declarations:INTERNAL=1
//Test HAS_Wno_gnu_zero_variadic_macro_arguments
HAS_Wno_gnu_zero_variadic_macro_arguments:INTERNAL=1
//Test HAS_Wno_useless_cast
HAS_Wno_useless_cast:INTERNAL=1
//Test HAS_fmacro_prefix_map_a_b
HAS_fmacro_prefix_map_a_b:INTERNAL=1
//Test HAS_ftemplate_backtrace_limit_0
HAS_ftemplate_backtrace_limit_0:INTERNAL=1
//Test HAS_gz_zstd
HAS_gz_zstd:INTERNAL=1
//Test HAS_mcx16
HAS_mcx16:INTERNAL=1
//Have function accept4
HAVE_ACCEPT4:INTERNAL=1
//Have symbol AF_INET6
HAVE_AF_INET6:INTERNAL=1
//Have symbol alarm
HAVE_ALARM:INTERNAL=1
//Have include stdio.h;inttypes.h;sys/ioctl.h;sys/param.h;sys/poll.h;sys/resource.h;sys/select.h;sys/socket.h;sys/stat.h;sys/time.h;sys/types.h;sys/uio.h;sys/un.h;sys/xattr.h;alloca.h
HAVE_ALLOCA_H:INTERNAL=1
//Have include arpa/inet.h
HAVE_ARPA_INET_H:INTERNAL=1
//Have include arpa/nameser_compat.h
HAVE_ARPA_NAMESER_COMPAT_H:INTERNAL=1
//Have include arpa/nameser.h
HAVE_ARPA_NAMESER_H:INTERNAL=1
//Have include stdio.h;inttypes.h;sys/ioctl.h;sys/param.h;sys/poll.h;sys/resource.h;sys/select.h;sys/socket.h;sys/stat.h;sys/time.h;sys/types.h;sys/uio.h;sys/un.h;sys/xattr.h;alloca.h;arpa/inet.h;arpa/tftp.h
HAVE_ARPA_TFTP_H:INTERNAL=1
//Have include assert.h
HAVE_ASSERT_H:INTERNAL=1
//Have symbol basename
HAVE_BASENAME:INTERNAL=1
//Have symbol bitncmp
HAVE_BITNCMP:INTERNAL=
//Test HAVE_BOOL_T
HAVE_BOOL_T:INTERNAL=1
//Curl test 
HAVE_BUILTIN_AVAILABLE:INTERNAL=
//Have symbol CLOCK_MONOTONIC
HAVE_CLOCK_GETTIME_MONOTONIC:INTERNAL=1
//Have symbol closesocket
HAVE_CLOSESOCKET:INTERNAL=
//Have symbol CloseSocket
HAVE_CLOSESOCKET_CAMEL:INTERNAL=
//Have symbol connect
HAVE_CONNECT:INTERNAL=1
//Test HAVE_CXX_FLAG_COVERAGE
HAVE_CXX_FLAG_COVERAGE:INTERNAL=1
//Test HAVE_CXX_FLAG_FSTRICT_ALIASING
HAVE_CXX_FLAG_FSTRICT_ALIASING:INTERNAL=1
//Test HAVE_CXX_FLAG_PEDANTIC
HAVE_CXX_FLAG_PEDANTIC:INTERNAL=1
//Test HAVE_CXX_FLAG_PEDANTIC_ERRORS
HAVE_CXX_FLAG_PEDANTIC_ERRORS:INTERNAL=1
//Test HAVE_CXX_FLAG_STD_CXX11
HAVE_CXX_FLAG_STD_CXX11:INTERNAL=1
//Test HAVE_CXX_FLAG_WALL
HAVE_CXX_FLAG_WALL:INTERNAL=1
//Test HAVE_CXX_FLAG_WD654
HAVE_CXX_FLAG_WD654:INTERNAL=
//Test HAVE_CXX_FLAG_WEXTRA
HAVE_CXX_FLAG_WEXTRA:INTERNAL=1
//Test HAVE_CXX_FLAG_WNO_DEPRECATED_DECLARATIONS
HAVE_CXX_FLAG_WNO_DEPRECATED_DECLARATIONS:INTERNAL=1
//Test HAVE_CXX_FLAG_WSHADOW
HAVE_CXX_FLAG_WSHADOW:INTERNAL=1
//Test HAVE_CXX_FLAG_WSHORTEN_64_TO_32
HAVE_CXX_FLAG_WSHORTEN_64_TO_32:INTERNAL=
//Test HAVE_CXX_FLAG_WSTRICT_ALIASING
HAVE_CXX_FLAG_WSTRICT_ALIASING:INTERNAL=1
//Test HAVE_CXX_FLAG_WSUGGEST_OVERRIDE
HAVE_CXX_FLAG_WSUGGEST_OVERRIDE:INTERNAL=1
//Test HAVE_CXX_FLAG_WTHREAD_SAFETY
HAVE_CXX_FLAG_WTHREAD_SAFETY:INTERNAL=
//Have include dlfcn.h
HAVE_DLFCN_H:INTERNAL=1
//Have library dl;OpenSSL::SSL;OpenSSL::Crypto
HAVE_DLOPEN:INTERNAL=1
//Have include errno.h
HAVE_ERRNO_H:INTERNAL=1
//Have symbol fcntl
HAVE_FCNTL:INTERNAL=1
//Have include fcntl.h
HAVE_FCNTL_H:INTERNAL=1
//Curl test 
HAVE_FCNTL_O_NONBLOCK:INTERNAL=1
//Curl test 
HAVE_FILE_OFFSET_BITS:INTERNAL=1
//Have symbol FIONBIO
HAVE_FIONBIO:INTERNAL=1
//Have symbol freeaddrinfo
HAVE_FREEADDRINFO:INTERNAL=1
//Have symbol fsetxattr
HAVE_FSETXATTR:INTERNAL=1
//Curl test 
HAVE_FSETXATTR_5:INTERNAL=1
//Curl test 
HAVE_FSETXATTR_6:INTERNAL=
//Have symbol ftruncate
HAVE_FTRUNCATE:INTERNAL=1
//Have symbol getaddrinfo
HAVE_GETADDRINFO:INTERNAL=1
//Have symbol getenv
HAVE_GETENV:INTERNAL=1
//Have symbol geteuid
HAVE_GETEUID:INTERNAL=1
//Have symbol gethostbyaddr
HAVE_GETHOSTBYADDR:INTERNAL=1
//Have symbol gethostbyname
HAVE_GETHOSTBYNAME:INTERNAL=1
//Have symbol gethostbyname_r
HAVE_GETHOSTBYNAME_R:INTERNAL=1
//Curl test 
HAVE_GETHOSTBYNAME_R_3:INTERNAL=
//Curl test 
HAVE_GETHOSTBYNAME_R_3_REENTRANT:INTERNAL=
//Curl test 
HAVE_GETHOSTBYNAME_R_5:INTERNAL=
//Curl test 
HAVE_GETHOSTBYNAME_R_5_REENTRANT:INTERNAL=
//Curl test 
HAVE_GETHOSTBYNAME_R_6:INTERNAL=1
//Curl test 
HAVE_GETHOSTBYNAME_R_6_REENTRANT:INTERNAL=1
//Have symbol gethostname
HAVE_GETHOSTNAME:INTERNAL=1
//Have symbol getnameinfo
HAVE_GETNAMEINFO:INTERNAL=1
//Have symbol getpass_r
HAVE_GETPASS_R:INTERNAL=
//Have symbol getpeername
HAVE_GETPEERNAME:INTERNAL=1
//Have symbol getppid
HAVE_GETPPID:INTERNAL=1
//Have symbol getprotobyname
HAVE_GETPROTOBYNAME:INTERNAL=1
//Have symbol getpwuid
HAVE_GETPWUID:INTERNAL=1
//Have symbol getpwuid_r
HAVE_GETPWUID_R:INTERNAL=1
//Have symbol getrlimit
HAVE_GETRLIMIT:INTERNAL=1
//Have symbol getservbyname_r
HAVE_GETSERVBYNAME_R:INTERNAL=1
//Have symbol getservbyport_r
HAVE_GETSERVBYPORT_R:INTERNAL=1
//Have symbol getsockname
HAVE_GETSOCKNAME:INTERNAL=1
//Have symbol gettimeofday
HAVE_GETTIMEOFDAY:INTERNAL=1
//Curl test 
HAVE_GLIBC_STRERROR_R:INTERNAL=
//Have symbol gmtime_r
HAVE_GMTIME_R:INTERNAL=1
//Have includes stdio.h;inttypes.h;sys/ioctl.h;sys/param.h;sys/poll.h;sys/resource.h;sys/select.h;sys/socket.h;sys/stat.h;sys/time.h;sys/types.h;sys/uio.h;sys/un.h;sys/xattr.h;alloca.h;arpa/inet.h;arpa/tftp.h;assert.h;errno.h;fcntl.h;idn2.h
HAVE_IDN2_H:INTERNAL=
//Have include stdio.h;inttypes.h;sys/ioctl.h;sys/param.h;sys/poll.h;sys/resource.h;sys/select.h;sys/socket.h;sys/stat.h;sys/time.h;sys/types.h;sys/uio.h;sys/un.h;sys/xattr.h;alloca.h;arpa/inet.h;arpa/tftp.h;assert.h;errno.h;fcntl.h;ifaddrs.h
HAVE_IFADDRS_H:INTERNAL=1
//Have symbol if_indextoname
HAVE_IF_INDEXTONAME:INTERNAL=1
//Have symbol if_nametoindex
HAVE_IF_NAMETOINDEX:INTERNAL=1
//Have symbol inet_addr
HAVE_INET_ADDR:INTERNAL=1
//Have symbol inet_net_pton
HAVE_INET_NET_PTON:INTERNAL=
//Have symbol inet_ntop
HAVE_INET_NTOP:INTERNAL=1
//Have symbol inet_pton
HAVE_INET_PTON:INTERNAL=1
//Have include inttypes.h
HAVE_INTTYPES_H:INTERNAL=1
//Curl test 
HAVE_IN_ADDR_T:INTERNAL=1
//Have symbol ioctl
HAVE_IOCTL:INTERNAL=1
//Have symbol ioctlsocket
HAVE_IOCTLSOCKET:INTERNAL=
//Have symbol IoctlSocket
HAVE_IOCTLSOCKET_CAMEL:INTERNAL=
//Curl test 
HAVE_IOCTLSOCKET_CAMEL_FIONBIO:INTERNAL=
//Curl test 
HAVE_IOCTLSOCKET_FIONBIO:INTERNAL=
//Curl test 
HAVE_IOCTL_FIONBIO:INTERNAL=1
//Have symbol SIOCGIFADDR
HAVE_IOCTL_SIOCGIFADDR:INTERNAL=1
//Have includes stdio.h;inttypes.h;sys/ioctl.h;sys/param.h;sys/poll.h;sys/resource.h;sys/select.h;sys/socket.h;sys/stat.h;sys/time.h;sys/types.h;sys/uio.h;sys/un.h;sys/xattr.h;alloca.h;arpa/inet.h;arpa/tftp.h;assert.h;errno.h;fcntl.h;ifaddrs.h;io.h
HAVE_IO_H:INTERNAL=
//Have includes stdio.h;inttypes.h;sys/ioctl.h;sys/param.h;sys/poll.h;sys/resource.h;sys/select.h;sys/socket.h;sys/stat.h;sys/time.h;sys/types.h;sys/uio.h;sys/un.h;sys/xattr.h;alloca.h;arpa/inet.h;arpa/tftp.h;assert.h;errno.h;fcntl.h;ifaddrs.h;krb.h
HAVE_KRB_H:INTERNAL=
//Have includes ;lber.h
HAVE_LBER_H:INTERNAL=
//Have includes ;ldap.h
HAVE_LDAP_H:INTERNAL=
//Have library dl;
HAVE_LIBDL:INTERNAL=1
//Have include stdio.h;inttypes.h;sys/ioctl.h;sys/param.h;sys/poll.h;sys/resource.h;sys/select.h;sys/socket.h;sys/stat.h;sys/time.h;sys/types.h;sys/uio.h;sys/un.h;sys/xattr.h;alloca.h;arpa/inet.h;arpa/tftp.h;assert.h;errno.h;fcntl.h;ifaddrs.h;libgen.h
HAVE_LIBGEN_H:INTERNAL=1
//Have library lber;dl;OpenSSL::SSL;OpenSSL::Crypto
HAVE_LIBLBER:INTERNAL=
//Have library ldap;dl;OpenSSL::SSL;OpenSSL::Crypto
HAVE_LIBLDAP:INTERNAL=
//Have library socket;dl
HAVE_LIBSOCKET:INTERNAL=
//Have library rt
HAVE_LIB_RT:INTERNAL=1
//Have include limits.h
HAVE_LIMITS_H:INTERNAL=1
//Have include linux/tcp.h
HAVE_LINUX_TCP_H:INTERNAL=1
//Test HAVE_LL
HAVE_LL:INTERNAL=1
//Have include stdio.h;inttypes.h;sys/ioctl.h;sys/param.h;sys/poll.h;sys/resource.h;sys/select.h;sys/socket.h;sys/stat.h;sys/time.h;sys/types.h;sys/uio.h;sys/un.h;sys/xattr.h;alloca.h;arpa/inet.h;arpa/tftp.h;assert.h;errno.h;fcntl.h;ifaddrs.h;libgen.h;locale.h
HAVE_LOCALE_H:INTERNAL=1
//Have symbol localtime_r
HAVE_LOCALTIME_R:INTERNAL=1
//Test HAVE_LONGLONG
HAVE_LONGLONG:INTERNAL=1
//Have function mach_absolute_time
HAVE_MACH_ABSOLUTE_TIME:INTERNAL=
//Have include malloc.h
HAVE_MALLOC_H:INTERNAL=1
//Have include memory.h
HAVE_MEMORY_H:INTERNAL=1
//Have symbol MSG_NOSIGNAL
HAVE_MSG_NOSIGNAL:INTERNAL=1
//Have include netdb.h
HAVE_NETDB_H:INTERNAL=1
//Have include stdio.h;inttypes.h;sys/ioctl.h;sys/param.h;sys/poll.h;sys/resource.h;sys/select.h;sys/socket.h;sys/stat.h;sys/time.h;sys/types.h;sys/uio.h;sys/un.h;sys/xattr.h;alloca.h;arpa/inet.h;arpa/tftp.h;assert.h;errno.h;fcntl.h;ifaddrs.h;libgen.h;locale.h;net/if.h;netdb.h;netinet/in.h;netinet/tcp.h;poll.h;pwd.h;setjmp.h;signal.h;stdbool.h;stdint.h;stdio.h;stdlib.h;string.h;strings.h;termio.h;termios.h;time.h;unistd.h;utime.h;stddef.h;dlfcn.h;malloc.h;memory.h;netinet/if_ether.h
HAVE_NETINET_IF_ETHER_H:INTERNAL=1
//Have include netinet/in.h
HAVE_NETINET_IN_H:INTERNAL=1
//Have include sys/types.h;netinet/tcp.h
HAVE_NETINET_TCP_H:INTERNAL=1
//Have include net/if.h
HAVE_NET_IF_H:INTERNAL=1
//Have include openssl/crypto.h
HAVE_OPENSSL_CRYPTO_H:INTERNAL=1
//Have include openssl/err.h
HAVE_OPENSSL_ERR_H:INTERNAL=1
//Have include openssl/pem.h
HAVE_OPENSSL_PEM_H:INTERNAL=1
//Have include openssl/rand.h
HAVE_OPENSSL_RAND_H:INTERNAL=1
//Have include openssl/rsa.h
HAVE_OPENSSL_RSA_H:INTERNAL=1
//Have include openssl/ssl.h
HAVE_OPENSSL_SSL_H:INTERNAL=1
//Have include openssl/x509.h
HAVE_OPENSSL_X509_H:INTERNAL=1
//Have symbol O_NONBLOCK
HAVE_O_NONBLOCK:INTERNAL=1
//Have includes stdio.h;inttypes.h;sys/ioctl.h;sys/param.h;sys/poll.h;sys/resource.h;sys/select.h;sys/socket.h;sys/stat.h;sys/time.h;sys/types.h;sys/uio.h;sys/un.h;sys/xattr.h;alloca.h;arpa/inet.h;arpa/tftp.h;assert.h;errno.h;fcntl.h;ifaddrs.h;libgen.h;locale.h;net/if.h;netdb.h;netinet/in.h;netinet/tcp.h;pem.h
HAVE_PEM_H:INTERNAL=
//Have symbol PF_INET6
HAVE_PF_INET6:INTERNAL=1
//Have symbol pipe
HAVE_PIPE:INTERNAL=1
//Have function pipe2
HAVE_PIPE2:INTERNAL=1
//Have symbol poll
HAVE_POLL:INTERNAL=1
//Test HAVE_POLL_FINE
HAVE_POLL_FINE:INTERNAL=1
//Result of TRY_COMPILE
HAVE_POLL_FINE_COMPILED:INTERNAL=TRUE
//Result of try_run()
HAVE_POLL_FINE_EXITCODE:INTERNAL=0
//Have include stdio.h;inttypes.h;sys/ioctl.h;sys/param.h;sys/poll.h;sys/resource.h;sys/select.h;sys/socket.h;sys/stat.h;sys/time.h;sys/types.h;sys/uio.h;sys/un.h;sys/xattr.h;alloca.h;arpa/inet.h;arpa/tftp.h;assert.h;errno.h;fcntl.h;ifaddrs.h;libgen.h;locale.h;net/if.h;netdb.h;netinet/in.h;netinet/tcp.h;poll.h
HAVE_POLL_H:INTERNAL=1
//Curl test 
HAVE_POSIX_STRERROR_R:INTERNAL=1
//Have includes stdio.h;inttypes.h;sys/ioctl.h;sys/param.h;sys/poll.h;sys/resource.h;sys/select.h;sys/socket.h;sys/stat.h;sys/time.h;sys/types.h;sys/uio.h;sys/un.h;sys/xattr.h;alloca.h;arpa/inet.h;arpa/tftp.h;assert.h;errno.h;fcntl.h;ifaddrs.h;libgen.h;locale.h;net/if.h;netdb.h;netinet/in.h;netinet/tcp.h;poll.h;pwd.h;setjmp.h;signal.h;stdbool.h;stdint.h;stdio.h;stdlib.h;string.h;strings.h;termio.h;termios.h;time.h;unistd.h;utime.h;process.h
HAVE_PROCESS_H:INTERNAL=
//Have include stdio.h;inttypes.h;sys/ioctl.h;sys/param.h;sys/poll.h;sys/resource.h;sys/select.h;sys/socket.h;sys/stat.h;sys/time.h;sys/types.h;sys/uio.h;sys/un.h;sys/xattr.h;alloca.h;arpa/inet.h;arpa/tftp.h;assert.h;errno.h;fcntl.h;ifaddrs.h;libgen.h;locale.h;net/if.h;netdb.h;netinet/in.h;netinet/tcp.h;poll.h;pwd.h
HAVE_PWD_H:INTERNAL=1
//Have symbol RAND_egd
HAVE_RAND_EGD:INTERNAL=
//Have symbol RAND_screen
HAVE_RAND_SCREEN:INTERNAL=
//Have symbol RAND_status
HAVE_RAND_STATUS:INTERNAL=
//Have symbol recv
HAVE_RECV:INTERNAL=1
//Have symbol recvfrom
HAVE_RECVFROM:INTERNAL=1
//Have library resolv
HAVE_RES_SERVICENAME_IN_LIBRESOLV:INTERNAL=
//Have symbol select
HAVE_SELECT:INTERNAL=1
//Have symbol send
HAVE_SEND:INTERNAL=1
//Have include stdio.h;inttypes.h;sys/ioctl.h;sys/param.h;sys/poll.h;sys/resource.h;sys/select.h;sys/socket.h;sys/stat.h;sys/time.h;sys/types.h;sys/uio.h;sys/un.h;sys/xattr.h;alloca.h;arpa/inet.h;arpa/tftp.h;assert.h;errno.h;fcntl.h;ifaddrs.h;libgen.h;locale.h;net/if.h;netdb.h;netinet/in.h;netinet/tcp.h;poll.h;pwd.h;setjmp.h
HAVE_SETJMP_H:INTERNAL=1
//Have symbol setlocale
HAVE_SETLOCALE:INTERNAL=1
//Have symbol setmode
HAVE_SETMODE:INTERNAL=
//Have symbol setrlimit
HAVE_SETRLIMIT:INTERNAL=1
//Have symbol setsockopt
HAVE_SETSOCKOPT:INTERNAL=1
//Curl test 
HAVE_SETSOCKOPT_SO_NONBLOCK:INTERNAL=
//Have symbol sigaction
HAVE_SIGACTION:INTERNAL=1
//Have symbol siginterrupt
HAVE_SIGINTERRUPT:INTERNAL=1
//Have symbol signal
HAVE_SIGNAL_FUNC:INTERNAL=1
//Have include signal.h
HAVE_SIGNAL_H:INTERNAL=1
//Have symbol SIGALRM
HAVE_SIGNAL_MACRO:INTERNAL=1
//Have symbol sigsetjmp
HAVE_SIGSETJMP:INTERNAL=1
//Test HAVE_SIG_ATOMIC_T
HAVE_SIG_ATOMIC_T:INTERNAL=1
//Result of TRY_COMPILE
HAVE_SIZEOF_ADDRESS_FAMILY:INTERNAL=FALSE
//Result of TRY_COMPILE
HAVE_SIZEOF_CURL_OFF_T:INTERNAL=TRUE
//Result of TRY_COMPILE
HAVE_SIZEOF_INT:INTERNAL=TRUE
//Result of TRY_COMPILE
HAVE_SIZEOF_LONG:INTERNAL=TRUE
//Result of TRY_COMPILE
HAVE_SIZEOF_LONG_DOUBLE:INTERNAL=TRUE
//Result of TRY_COMPILE
HAVE_SIZEOF_LONG_LONG:INTERNAL=TRUE
//Result of TRY_COMPILE
HAVE_SIZEOF_OFF_T:INTERNAL=TRUE
//Result of TRY_COMPILE
HAVE_SIZEOF_SA_FAMILY_T:INTERNAL=TRUE
//Result of TRY_COMPILE
HAVE_SIZEOF_SHORT:INTERNAL=TRUE
//Result of TRY_COMPILE
HAVE_SIZEOF_SIZE_T:INTERNAL=TRUE
//Result of TRY_COMPILE
HAVE_SIZEOF_SSIZE_T:INTERNAL=TRUE
//Result of TRY_COMPILE
HAVE_SIZEOF_STRUCT_SOCKADDR_STORAGE:INTERNAL=TRUE
//Result of TRY_COMPILE
HAVE_SIZEOF_TIME_T:INTERNAL=TRUE
//Result of TRY_COMPILE
HAVE_SIZEOF___INT64:INTERNAL=FALSE
//Test HAVE_SOCKADDR_IN6_SIN6_ADDR
HAVE_SOCKADDR_IN6_SIN6_ADDR:INTERNAL=1
//Test HAVE_SOCKADDR_IN6_SIN6_SCOPE_ID
HAVE_SOCKADDR_IN6_SIN6_SCOPE_ID:INTERNAL=1
//Have symbol socket
HAVE_SOCKET:INTERNAL=1
//Have includes socket.h
HAVE_SOCKET_H:INTERNAL=
//Have includes stdio.h;inttypes.h;sys/ioctl.h;sys/param.h;sys/poll.h;sys/resource.h;sys/select.h;sys/socket.h;sys/stat.h;sys/time.h;sys/types.h;sys/uio.h;sys/un.h;sys/xattr.h;alloca.h;arpa/inet.h;arpa/tftp.h;assert.h;errno.h;fcntl.h;ifaddrs.h;libgen.h;locale.h;net/if.h;netdb.h;netinet/in.h;netinet/tcp.h;poll.h;pwd.h;setjmp.h;signal.h;stdbool.h;stdint.h;stdio.h;stdlib.h;string.h;strings.h;termio.h;termios.h;time.h;unistd.h;utime.h;stddef.h;dlfcn.h;malloc.h;memory.h;netinet/if_ether.h;stdint.h;sockio.h
HAVE_SOCKIO_H:INTERNAL=
//Test HAVE_SOCKLEN_T
HAVE_SOCKLEN_T:INTERNAL=1
//Have symbol SO_NONBLOCK
HAVE_SO_NONBLOCK:INTERNAL=
//Test HAVE_SSIZE_T
HAVE_SSIZE_T:INTERNAL=1
//Have includes stdio.h;inttypes.h;sys/ioctl.h;sys/param.h;sys/poll.h;sys/resource.h;sys/select.h;sys/socket.h;sys/stat.h;sys/time.h;sys/types.h;sys/uio.h;sys/un.h;sys/xattr.h;alloca.h;arpa/inet.h;arpa/tftp.h;assert.h;errno.h;fcntl.h;ifaddrs.h;libgen.h;locale.h;net/if.h;netdb.h;netinet/in.h;netinet/tcp.h;poll.h;pwd.h;setjmp.h;signal.h;ssl.h
HAVE_SSL_H:INTERNAL=
//Have include stdbool.h
HAVE_STDBOOL_H:INTERNAL=1
//Have include stdio.h;inttypes.h;sys/ioctl.h;sys/param.h;sys/poll.h;sys/resource.h;sys/select.h;sys/socket.h;sys/stat.h;sys/time.h;sys/types.h;sys/uio.h;sys/un.h;sys/xattr.h;alloca.h;arpa/inet.h;arpa/tftp.h;assert.h;errno.h;fcntl.h;ifaddrs.h;libgen.h;locale.h;net/if.h;netdb.h;netinet/in.h;netinet/tcp.h;poll.h;pwd.h;setjmp.h;signal.h;stdbool.h;stdint.h;stdio.h;stdlib.h;string.h;strings.h;termio.h;termios.h;time.h;unistd.h;utime.h;stddef.h
HAVE_STDDEF_H:INTERNAL=1
//Have include stdint.h
HAVE_STDINT_H:INTERNAL=1
//Have include ;stdio.h
HAVE_STDIO_H:INTERNAL=1
//Have include stdlib.h
HAVE_STDLIB_H:INTERNAL=1
//Have symbol strcasecmp
HAVE_STRCASECMP:INTERNAL=1
//Have symbol strcmpi
HAVE_STRCMPI:INTERNAL=
//Have symbol strdup
HAVE_STRDUP:INTERNAL=1
//Have symbol strerror_r
HAVE_STRERROR_R:INTERNAL=1
//Have symbol strftime
HAVE_STRFTIME:INTERNAL=1
//Have symbol stricmp
HAVE_STRICMP:INTERNAL=
//Have include strings.h
HAVE_STRINGS_H:INTERNAL=1
//Have include string.h
HAVE_STRING_H:INTERNAL=1
//Have symbol strncasecmp
HAVE_STRNCASECMP:INTERNAL=1
//Have symbol strncmpi
HAVE_STRNCMPI:INTERNAL=
//Have symbol strnicmp
HAVE_STRNICMP:INTERNAL=
//Have includes stropts.h
HAVE_STROPTS_H:INTERNAL=
//Have symbol strstr
HAVE_STRSTR:INTERNAL=1
//Have symbol strtok_r
HAVE_STRTOK_R:INTERNAL=1
//Have symbol strtoll
HAVE_STRTOLL:INTERNAL=1
//Test HAVE_STRUCT_ADDRINFO
HAVE_STRUCT_ADDRINFO:INTERNAL=1
//Test HAVE_STRUCT_IN6_ADDR
HAVE_STRUCT_IN6_ADDR:INTERNAL=1
//Test HAVE_STRUCT_SOCKADDR_IN6
HAVE_STRUCT_SOCKADDR_IN6:INTERNAL=1
//Test HAVE_STRUCT_SOCKADDR_STORAGE
HAVE_STRUCT_SOCKADDR_STORAGE:INTERNAL=1
//Test HAVE_STRUCT_TIMEVAL
HAVE_STRUCT_TIMEVAL:INTERNAL=1
//Have includes stdio.h;inttypes.h;sys/filio.h
HAVE_SYS_FILIO_H:INTERNAL=
//Have include sys/ioctl.h
HAVE_SYS_IOCTL_H:INTERNAL=1
//Have include sys/param.h
HAVE_SYS_PARAM_H:INTERNAL=1
//Have include stdio.h;inttypes.h;sys/ioctl.h;sys/param.h;sys/poll.h
HAVE_SYS_POLL_H:INTERNAL=1
//Have include stdio.h;inttypes.h;sys/ioctl.h;sys/param.h;sys/poll.h;sys/resource.h
HAVE_SYS_RESOURCE_H:INTERNAL=1
//Have include sys/select.h
HAVE_SYS_SELECT_H:INTERNAL=1
//Have include sys/socket.h
HAVE_SYS_SOCKET_H:INTERNAL=1
//Have includes sys/sockio.h
HAVE_SYS_SOCKIO_H:INTERNAL=
//Have include sys/stat.h
HAVE_SYS_STAT_H:INTERNAL=1
//Have include sys/time.h
HAVE_SYS_TIME_H:INTERNAL=1
//Have include sys/types.h
HAVE_SYS_TYPES_H:INTERNAL=1
//Have include sys/uio.h
HAVE_SYS_UIO_H:INTERNAL=1
//Have include stdio.h;inttypes.h;sys/ioctl.h;sys/param.h;sys/poll.h;sys/resource.h;sys/select.h;sys/socket.h;sys/stat.h;sys/time.h;sys/types.h;sys/uio.h;sys/un.h
HAVE_SYS_UN_H:INTERNAL=1
//Have includes stdio.h;inttypes.h;sys/ioctl.h;sys/param.h;sys/poll.h;sys/resource.h;sys/select.h;sys/socket.h;sys/stat.h;sys/time.h;sys/types.h;sys/uio.h;sys/un.h;sys/utime.h
HAVE_SYS_UTIME_H:INTERNAL=
//Have include stdio.h;inttypes.h;sys/ioctl.h;sys/param.h;sys/poll.h;sys/resource.h;sys/select.h;sys/socket.h;sys/stat.h;sys/time.h;sys/types.h;sys/uio.h;sys/un.h;sys/xattr.h;alloca.h;arpa/inet.h;arpa/tftp.h;assert.h;errno.h;fcntl.h;ifaddrs.h;libgen.h;locale.h;net/if.h;netdb.h;netinet/in.h;netinet/tcp.h;poll.h;pwd.h;setjmp.h;signal.h;stdbool.h;stdint.h;stdio.h;stdlib.h;string.h;strings.h;termio.h;termios.h;time.h;unistd.h;utime.h;stddef.h;dlfcn.h;malloc.h;memory.h;netinet/if_ether.h;stdint.h;sys/utsname.h
HAVE_SYS_UTSNAME_H:INTERNAL=1
//Have include stdio.h;inttypes.h;sys/ioctl.h;sys/param.h;sys/poll.h;sys/resource.h;sys/select.h;sys/socket.h;sys/stat.h;sys/time.h;sys/types.h;sys/uio.h;sys/un.h;sys/xattr.h
HAVE_SYS_XATTR_H:INTERNAL=1
//Have include stdio.h;inttypes.h;sys/ioctl.h;sys/param.h;sys/poll.h;sys/resource.h;sys/select.h;sys/socket.h;sys/stat.h;sys/time.h;sys/types.h;sys/uio.h;sys/un.h;sys/xattr.h;alloca.h;arpa/inet.h;arpa/tftp.h;assert.h;errno.h;fcntl.h;ifaddrs.h;libgen.h;locale.h;net/if.h;netdb.h;netinet/in.h;netinet/tcp.h;poll.h;pwd.h;setjmp.h;signal.h;stdbool.h;stdint.h;stdio.h;stdlib.h;string.h;strings.h;termio.h;termios.h
HAVE_TERMIOS_H:INTERNAL=1
//Have include stdio.h;inttypes.h;sys/ioctl.h;sys/param.h;sys/poll.h;sys/resource.h;sys/select.h;sys/socket.h;sys/stat.h;sys/time.h;sys/types.h;sys/uio.h;sys/un.h;sys/xattr.h;alloca.h;arpa/inet.h;arpa/tftp.h;assert.h;errno.h;fcntl.h;ifaddrs.h;libgen.h;locale.h;net/if.h;netdb.h;netinet/in.h;netinet/tcp.h;poll.h;pwd.h;setjmp.h;signal.h;stdbool.h;stdint.h;stdio.h;stdlib.h;string.h;strings.h;termio.h
HAVE_TERMIO_H:INTERNAL=1
//Have include time.h
HAVE_TIME_H:INTERNAL=1
//Test HAVE_TYPE_SOCKET
HAVE_TYPE_SOCKET:INTERNAL=
//Have symbol uname
HAVE_UNAME:INTERNAL=1
//Have include unistd.h
HAVE_UNISTD_H:INTERNAL=1
//Have symbol usleep
HAVE_USLEEP:INTERNAL=1
//Have symbol utime
HAVE_UTIME:INTERNAL=1
//Have symbol utimes
HAVE_UTIMES:INTERNAL=1
//Have include stdio.h;inttypes.h;sys/ioctl.h;sys/param.h;sys/poll.h;sys/resource.h;sys/select.h;sys/socket.h;sys/stat.h;sys/time.h;sys/types.h;sys/uio.h;sys/un.h;sys/xattr.h;alloca.h;arpa/inet.h;arpa/tftp.h;assert.h;errno.h;fcntl.h;ifaddrs.h;libgen.h;locale.h;net/if.h;netdb.h;netinet/in.h;netinet/tcp.h;poll.h;pwd.h;setjmp.h;signal.h;stdbool.h;stdint.h;stdio.h;stdlib.h;string.h;strings.h;termio.h;termios.h;time.h;unistd.h;utime.h
HAVE_UTIME_H:INTERNAL=1
//Curl test 
HAVE_VARIADIC_MACROS_C99:INTERNAL=1
//Curl test 
HAVE_VARIADIC_MACROS_GCC:INTERNAL=1
//Have symbol writev
HAVE_WRITEV:INTERNAL=1
//Have includes stdio.h;inttypes.h;sys/ioctl.h;sys/param.h;sys/poll.h;sys/resource.h;sys/select.h;sys/socket.h;sys/stat.h;sys/time.h;sys/types.h;sys/uio.h;sys/un.h;sys/xattr.h;alloca.h;arpa/inet.h;arpa/tftp.h;assert.h;errno.h;fcntl.h;ifaddrs.h;libgen.h;locale.h;net/if.h;netdb.h;netinet/in.h;netinet/tcp.h;poll.h;pwd.h;setjmp.h;signal.h;stdbool.h;stdint.h;stdio.h;stdlib.h;string.h;strings.h;termio.h;termios.h;time.h;unistd.h;utime.h;x509.h
HAVE_X509_H:INTERNAL=
//Have symbol _strtoi64
HAVE__STRTOI64:INTERNAL=
//Have function __system_property_get
HAVE___SYSTEM_PROPERTY_GET:INTERNAL=
//ADVANCED property for variable: HTTP_ONLY
HTTP_ONLY-ADVANCED:INTERNAL=1
//ADVANCED property for variable: ICU_DERB_EXECUTABLE
ICU_DERB_EXECUTABLE-ADVANCED:INTERNAL=1
//ADVANCED property for variable: ICU_GENBRK_EXECUTABLE
ICU_GENBRK_EXECUTABLE-ADVANCED:INTERNAL=1
//ADVANCED property for variable: ICU_GENCCODE_EXECUTABLE
ICU_GENCCODE_EXECUTABLE-ADVANCED:INTERNAL=1
//ADVANCED property for variable: ICU_GENCFU_EXECUTABLE
ICU_GENCFU_EXECUTABLE-ADVANCED:INTERNAL=1
//ADVANCED property for variable: ICU_GENCMN_EXECUTABLE
ICU_GENCMN_EXECUTABLE-ADVANCED:INTERNAL=1
//ADVANCED property for variable: ICU_GENCNVAL_EXECUTABLE
ICU_GENCNVAL_EXECUTABLE-ADVANCED:INTERNAL=1
//ADVANCED property for variable: ICU_GENDICT_EXECUTABLE
ICU_GENDICT_EXECUTABLE-ADVANCED:INTERNAL=1
//ADVANCED property for variable: ICU_GENNORM2_EXECUTABLE
ICU_GENNORM2_EXECUTABLE-ADVANCED:INTERNAL=1
//ADVANCED property for variable: ICU_GENRB_EXECUTABLE
ICU_GENRB_EXECUTABLE-ADVANCED:INTERNAL=1
//ADVANCED property for variable: ICU_GENSPREP_EXECUTABLE
ICU_GENSPREP_EXECUTABLE-ADVANCED:INTERNAL=1
//ADVANCED property for variable: ICU_ICU-CONFIG_EXECUTABLE
ICU_ICU-CONFIG_EXECUTABLE-ADVANCED:INTERNAL=1
//ADVANCED property for variable: ICU_ICUINFO_EXECUTABLE
ICU_ICUINFO_EXECUTABLE-ADVANCED:INTERNAL=1
//ADVANCED property for variable: ICU_ICUPKG_EXECUTABLE
ICU_ICUPKG_EXECUTABLE-ADVANCED:INTERNAL=1
//ADVANCED property for variable: ICU_INCLUDE_DIR
ICU_INCLUDE_DIR-ADVANCED:INTERNAL=1
//ADVANCED property for variable: ICU_MAKECONV_EXECUTABLE
ICU_MAKECONV_EXECUTABLE-ADVANCED:INTERNAL=1
//ADVANCED property for variable: ICU_MAKEFILE_INC
ICU_MAKEFILE_INC-ADVANCED:INTERNAL=1
//ADVANCED property for variable: ICU_PKGDATA_EXECUTABLE
ICU_PKGDATA_EXECUTABLE-ADVANCED:INTERNAL=1
//ADVANCED property for variable: ICU_PKGDATA_INC
ICU_PKGDATA_INC-ADVANCED:INTERNAL=1
//ADVANCED property for variable: ICU_UCONV_EXECUTABLE
ICU_UCONV_EXECUTABLE-ADVANCED:INTERNAL=1
//ADVANCED property for variable: ICU_UC_LIBRARY_DEBUG
ICU_UC_LIBRARY_DEBUG-ADVANCED:INTERNAL=1
//ADVANCED property for variable: ICU_UC_LIBRARY_RELEASE
ICU_UC_LIBRARY_RELEASE-ADVANCED:INTERNAL=1
//Test Iconv_IS_BUILT_IN
Iconv_IS_BUILT_IN:INTERNAL=1
//ADVANCED property for variable: LIBSSH2_INCLUDE_DIR
LIBSSH2_INCLUDE_DIR-ADVANCED:INTERNAL=1
//ADVANCED property for variable: LIBSSH2_LIBRARY
LIBSSH2_LIBRARY-ADVANCED:INTERNAL=1
//Result of TRY_COMPILE
LINKER_HAS_ZSTD:INTERNAL=TRUE
//ADVANCED property for variable: MAKECOMMAND
MAKECOMMAND-ADVANCED:INTERNAL=1
//ADVANCED property for variable: MEMORYCHECK_COMMAND
MEMORYCHECK_COMMAND-ADVANCED:INTERNAL=1
//ADVANCED property for variable: MEMORYCHECK_SUPPRESSIONS_FILE
MEMORYCHECK_SUPPRESSIONS_FILE-ADVANCED:INTERNAL=1
//Have library c
NOT_NEED_LIBNSL:INTERNAL=1
//ADVANCED property for variable: OPENSSL_CRYPTO_LIBRARY
OPENSSL_CRYPTO_LIBRARY-ADVANCED:INTERNAL=1
//ADVANCED property for variable: OPENSSL_INCLUDE_DIR
OPENSSL_INCLUDE_DIR-ADVANCED:INTERNAL=1
//ADVANCED property for variable: OPENSSL_SSL_LIBRARY
OPENSSL_SSL_LIBRARY-ADVANCED:INTERNAL=1
//Test OPT_W
OPT_W:INTERNAL=1
//Test OPT_Wall
OPT_Wall:INTERNAL=1
//Test OPT_Wcast_align
OPT_Wcast_align:INTERNAL=1
//Test OPT_Wclobbered
OPT_Wclobbered:INTERNAL=1
//Test OPT_Wconversion
OPT_Wconversion:INTERNAL=1
//Test OPT_Wdeclaration_after_statement
OPT_Wdeclaration_after_statement:INTERNAL=1
//Test OPT_Wdouble_promotion
OPT_Wdouble_promotion:INTERNAL=1
//Test OPT_Wempty_body
OPT_Wempty_body:INTERNAL=1
//Test OPT_Wendif_labels
OPT_Wendif_labels:INTERNAL=1
//Test OPT_Wfloat_equal
OPT_Wfloat_equal:INTERNAL=1
//Test OPT_Wignored_qualifiers
OPT_Wignored_qualifiers:INTERNAL=1
//Test OPT_Winline
OPT_Winline:INTERNAL=1
//Test OPT_Wmissing_declarations
OPT_Wmissing_declarations:INTERNAL=1
//Test OPT_Wmissing_parameter_type
OPT_Wmissing_parameter_type:INTERNAL=1
//Test OPT_Wmissing_prototypes
OPT_Wmissing_prototypes:INTERNAL=1
//Test OPT_Wnested_externs
OPT_Wnested_externs:INTERNAL=1
//Test OPT_Wold_style_declaration
OPT_Wold_style_declaration:INTERNAL=1
//Test OPT_Wpointer_arith
OPT_Wpointer_arith:INTERNAL=1
//Test OPT_Wshadow
OPT_Wshadow:INTERNAL=1
//Test OPT_Wsign_compare
OPT_Wsign_compare:INTERNAL=1
//Test OPT_Wstrict_aliasing_3
OPT_Wstrict_aliasing_3:INTERNAL=1
//Test OPT_Wstrict_prototypes
OPT_Wstrict_prototypes:INTERNAL=1
//Test OPT_Wtype_limits
OPT_Wtype_limits:INTERNAL=1
//Test OPT_Wundef
OPT_Wundef:INTERNAL=1
//Test OPT_Wunused
OPT_Wunused:INTERNAL=1
//Test OPT_Wvla
OPT_Wvla:INTERNAL=1
//Test OPT_Wwrite_strings
OPT_Wwrite_strings:INTERNAL=1
//Test OPT_pedantic
OPT_pedantic:INTERNAL=1
//Test OPTformat_nonliteral
OPTformat_nonliteral:INTERNAL=1
//Test OPTlong_long
OPTlong_long:INTERNAL=1
//Test OPTmultichar
OPTmultichar:INTERNAL=1
//Test OPTpedantic_ms_format
OPTpedantic_ms_format:INTERNAL=
//Test OPTsign_conversion
OPTsign_conversion:INTERNAL=1
//Test OPTsystem_headers
OPTsystem_headers:INTERNAL=1
PC_CURL_CFLAGS:INTERNAL=
PC_CURL_CFLAGS_I:INTERNAL=
PC_CURL_CFLAGS_OTHER:INTERNAL=
PC_CURL_FOUND:INTERNAL=
PC_CURL_INCLUDEDIR:INTERNAL=
PC_CURL_LIBDIR:INTERNAL=
PC_CURL_LIBS:INTERNAL=
PC_CURL_LIBS_L:INTERNAL=
PC_CURL_LIBS_OTHER:INTERNAL=
PC_CURL_LIBS_PATHS:INTERNAL=
PC_CURL_MODULE_NAME:INTERNAL=
PC_CURL_PREFIX:INTERNAL=
PC_CURL_STATIC_CFLAGS:INTERNAL=
PC_CURL_STATIC_CFLAGS_I:INTERNAL=
PC_CURL_STATIC_CFLAGS_OTHER:INTERNAL=
PC_CURL_STATIC_LIBDIR:INTERNAL=
PC_CURL_STATIC_LIBS:INTERNAL=
PC_CURL_STATIC_LIBS_L:INTERNAL=
PC_CURL_STATIC_LIBS_OTHER:INTERNAL=
PC_CURL_STATIC_LIBS_PATHS:INTERNAL=
PC_CURL_VERSION:INTERNAL=
PC_CURL_libcurl_INCLUDEDIR:INTERNAL=
PC_CURL_libcurl_LIBDIR:INTERNAL=
PC_CURL_libcurl_PREFIX:INTERNAL=
PC_CURL_libcurl_VERSION:INTERNAL=
//ADVANCED property for variable: PERL_EXECUTABLE
PERL_EXECUTABLE-ADVANCED:INTERNAL=1
PKG_CHECK_CFLAGS:INTERNAL=
PKG_CHECK_CFLAGS_I:INTERNAL=
PKG_CHECK_CFLAGS_OTHER:INTERNAL=
PKG_CHECK_FOUND:INTERNAL=
PKG_CHECK_INCLUDEDIR:INTERNAL=
PKG_CHECK_LIBDIR:INTERNAL=
PKG_CHECK_LIBS:INTERNAL=
PKG_CHECK_LIBS_L:INTERNAL=
PKG_CHECK_LIBS_OTHER:INTERNAL=
PKG_CHECK_LIBS_PATHS:INTERNAL=
PKG_CHECK_MODULE_NAME:INTERNAL=
PKG_CHECK_PREFIX:INTERNAL=
PKG_CHECK_STATIC_CFLAGS:INTERNAL=
PKG_CHECK_STATIC_CFLAGS_I:INTERNAL=
PKG_CHECK_STATIC_CFLAGS_OTHER:INTERNAL=
PKG_CHECK_STATIC_LIBDIR:INTERNAL=
PKG_CHECK_STATIC_LIBS:INTERNAL=
PKG_CHECK_STATIC_LIBS_L:INTERNAL=
PKG_CHECK_STATIC_LIBS_OTHER:INTERNAL=
PKG_CHECK_STATIC_LIBS_PATHS:INTERNAL=
PKG_CHECK_VERSION:INTERNAL=
PKG_CHECK_benchmark_INCLUDEDIR:INTERNAL=
PKG_CHECK_benchmark_LIBDIR:INTERNAL=
PKG_CHECK_benchmark_PREFIX:INTERNAL=
PKG_CHECK_benchmark_VERSION:INTERNAL=
PKG_CHECK_fmt_INCLUDEDIR:INTERNAL=
PKG_CHECK_fmt_LIBDIR:INTERNAL=
PKG_CHECK_fmt_PREFIX:INTERNAL=
PKG_CHECK_fmt_VERSION:INTERNAL=
PKG_CHECK_libcares_INCLUDEDIR:INTERNAL=
PKG_CHECK_libcares_LIBDIR:INTERNAL=
PKG_CHECK_libcares_PREFIX:INTERNAL=
PKG_CHECK_libcares_VERSION:INTERNAL=
PKG_CHECK_libcrypto++_INCLUDEDIR:INTERNAL=
PKG_CHECK_libcrypto++_LIBDIR:INTERNAL=
PKG_CHECK_libcrypto++_PREFIX:INTERNAL=
PKG_CHECK_libcrypto++_VERSION:INTERNAL=
PKG_CHECK_re2_INCLUDEDIR:INTERNAL=
PKG_CHECK_re2_LIBDIR:INTERNAL=
PKG_CHECK_re2_PREFIX:INTERNAL=
PKG_CHECK_re2_VERSION:INTERNAL=
//ADVANCED property for variable: PKG_CONFIG_ARGN
PKG_CONFIG_ARGN-ADVANCED:INTERNAL=1
//ADVANCED property for variable: PKG_CONFIG_EXECUTABLE
PKG_CONFIG_EXECUTABLE-ADVANCED:INTERNAL=1
//ADVANCED property for variable: RANDOM_FILE
RANDOM_FILE-ADVANCED:INTERNAL=1
//Result of try_run()
RUN_HAVE_POSIX_REGEX:INTERNAL=0
//Result of try_run()
RUN_HAVE_STD_REGEX:INTERNAL=0
//Result of try_run()
RUN_HAVE_STEADY_CLOCK:INTERNAL=0
//Result of try_run()
RUN_RESULT:INTERNAL=0
//ADVANCED property for variable: SITE
SITE-ADVANCED:INTERNAL=1
//CHECK_TYPE_SIZE: ADDRESS_FAMILY unknown
SIZEOF_ADDRESS_FAMILY:INTERNAL=
//CHECK_TYPE_SIZE: sizeof(curl_off_t)
SIZEOF_CURL_OFF_T:INTERNAL=8
//CHECK_TYPE_SIZE: sizeof(int)
SIZEOF_INT:INTERNAL=4
//CHECK_TYPE_SIZE: sizeof(long)
SIZEOF_LONG:INTERNAL=8
//CHECK_TYPE_SIZE: sizeof(long double)
SIZEOF_LONG_DOUBLE:INTERNAL=16
//CHECK_TYPE_SIZE: sizeof(long long)
SIZEOF_LONG_LONG:INTERNAL=8
//CHECK_TYPE_SIZE: sizeof(off_t)
SIZEOF_OFF_T:INTERNAL=8
//CHECK_TYPE_SIZE: sizeof(sa_family_t)
SIZEOF_SA_FAMILY_T:INTERNAL=2
//CHECK_TYPE_SIZE: sizeof(short)
SIZEOF_SHORT:INTERNAL=2
//CHECK_TYPE_SIZE: sizeof(size_t)
SIZEOF_SIZE_T:INTERNAL=8
//CHECK_TYPE_SIZE: sizeof(ssize_t)
SIZEOF_SSIZE_T:INTERNAL=8
//CHECK_TYPE_SIZE: sizeof(struct sockaddr_storage)
SIZEOF_STRUCT_SOCKADDR_STORAGE:INTERNAL=128
//CHECK_TYPE_SIZE: sizeof(time_t)
SIZEOF_TIME_T:INTERNAL=8
//CHECK_TYPE_SIZE: __int64 unknown
SIZEOF___INT64:INTERNAL=
//Curl test 
STDC_HEADERS:INTERNAL=1
//Curl test 
TIME_WITH_SYS_TIME:INTERNAL=1
//TRUE iff checked that DWCAS works
USERVER_IMPL_DWCAS_CHECKED:INTERNAL=TRUE
//Whether to check that compile options and definitions equal the
// given values
USERVER_IMPL_TEST_COMPILE_FLAGS:INTERNAL=OFF
USERVER_PYTHON_DEV_CHECKED:INTERNAL=TRUE
USERVER_THIRD_PARTY_DIRS:INTERNAL=/home/tikhonov-a/CLionProjects/BSF_prototype/userver/third_party
//Test USE_UNIX_SOCKETS
USE_UNIX_SOCKETS:INTERNAL=1
//ADVANCED property for variable: ZLIB_INCLUDE_DIR
ZLIB_INCLUDE_DIR-ADVANCED:INTERNAL=1
//ADVANCED property for variable: ZLIB_LIBRARY_DEBUG
ZLIB_LIBRARY_DEBUG-ADVANCED:INTERNAL=1
//ADVANCED property for variable: ZLIB_LIBRARY_RELEASE
ZLIB_LIBRARY_RELEASE-ADVANCED:INTERNAL=1
//Have function clock_gettime
_CARES_FUNC_IN_LIB_GLOBAL_clock_gettime:INTERNAL=1
//Have function gethostbyname
_CARES_FUNC_IN_LIB_GLOBAL_gethostbyname:INTERNAL=1
//Have function res_servicename
_CARES_FUNC_IN_LIB_GLOBAL_res_servicename:INTERNAL=
//Have function socket
_CARES_FUNC_IN_LIB_GLOBAL_socket:INTERNAL=1
//linker supports push/pop state
_CMAKE_LINKER_PUSHPOP_STATE_SUPPORTED:INTERNAL=TRUE
//CMAKE_INSTALL_PREFIX during last run
_GNUInstallDirs_LAST_CMAKE_INSTALL_PREFIX:INTERNAL=/usr/local
_OPENSSL_CFLAGS:INTERNAL=-I/usr/include
_OPENSSL_CFLAGS_I:INTERNAL=
_OPENSSL_CFLAGS_OTHER:INTERNAL=
_OPENSSL_FOUND:INTERNAL=1
_OPENSSL_INCLUDEDIR:INTERNAL=/usr/include
_OPENSSL_INCLUDE_DIRS:INTERNAL=/usr/include
_OPENSSL_LDFLAGS:INTERNAL=-L/usr/lib/x86_64-linux-gnu;-lssl;-lcrypto
_OPENSSL_LDFLAGS_OTHER:INTERNAL=
_OPENSSL_LIBDIR:INTERNAL=/usr/lib/x86_64-linux-gnu
_OPENSSL_LIBRARIES:INTERNAL=ssl;crypto
_OPENSSL_LIBRARY_DIRS:INTERNAL=/usr/lib/x86_64-linux-gnu
_OPENSSL_LIBS:INTERNAL=
_OPENSSL_LIBS_L:INTERNAL=
_OPENSSL_LIBS_OTHER:INTERNAL=
_OPENSSL_LIBS_PATHS:INTERNAL=
_OPENSSL_MODULE_NAME:INTERNAL=openssl
_OPENSSL_PREFIX:INTERNAL=/usr
_OPENSSL_STATIC_CFLAGS:INTERNAL=-I/usr/include
_OPENSSL_STATIC_CFLAGS_I:INTERNAL=
_OPENSSL_STATIC_CFLAGS_OTHER:INTERNAL=
_OPENSSL_STATIC_INCLUDE_DIRS:INTERNAL=/usr/include
_OPENSSL_STATIC_LDFLAGS:INTERNAL=-L/usr/lib/x86_64-linux-gnu;-lssl;-L/usr/lib/x86_64-linux-gnu;-ldl;-pthread;-lcrypto;-ldl;-pthread
_OPENSSL_STATIC_LDFLAGS_OTHER:INTERNAL=-pthread;-pthread
_OPENSSL_STATIC_LIBDIR:INTERNAL=
_OPENSSL_STATIC_LIBRARIES:INTERNAL=ssl;dl;crypto;dl
_OPENSSL_STATIC_LIBRARY_DIRS:INTERNAL=/usr/lib/x86_64-linux-gnu;/usr/lib/x86_64-linux-gnu
_OPENSSL_STATIC_LIBS:INTERNAL=
_OPENSSL_STATIC_LIBS_L:INTERNAL=
_OPENSSL_STATIC_LIBS_OTHER:INTERNAL=
_OPENSSL_STATIC_LIBS_PATHS:INTERNAL=
_OPENSSL_VERSION:INTERNAL=3.0.13
_OPENSSL_openssl_INCLUDEDIR:INTERNAL=
_OPENSSL_openssl_LIBDIR:INTERNAL=
_OPENSSL_openssl_PREFIX:INTERNAL=
_OPENSSL_openssl_VERSION:INTERNAL=
//Compiler reason failure
_Python3_Compiler_REASON_FAILURE:INTERNAL=
//Development reason failure
_Python3_Development_REASON_FAILURE:INTERNAL=
//Path to a program.
_Python3_EXECUTABLE:INTERNAL=/usr/bin/python3.12
//Python3 Properties
_Python3_INTERPRETER_PROPERTIES:INTERNAL=Python;3;12;3;64;32;;cpython-312-x86_64-linux-gnu;abi3;/usr/lib/python3.12;/usr/lib/python3.12;/usr/local/lib/python3.12/dist-packages;/usr/local/lib/python3.12/dist-packages
_Python3_INTERPRETER_SIGNATURE:INTERNAL=f811b8a062a8994e96ffe87747bf9bfe
//NumPy reason failure
_Python3_NumPy_REASON_FAILURE:INTERNAL=
__pkg_config_arguments__OPENSSL:INTERNAL=QUIET;openssl
__pkg_config_checked_PC_CURL:INTERNAL=1
__pkg_config_checked_PKG_CHECK:INTERNAL=1
__pkg_config_checked__OPENSSL:INTERNAL=1
//ADVANCED property for variable: boost_atomic_DIR
boost_atomic_DIR-ADVANCED:INTERNAL=1
//ADVANCED property for variable: boost_chrono_DIR
boost_chrono_DIR-ADVANCED:INTERNAL=1
//ADVANCED property for variable: boost_filesystem_DIR
boost_filesystem_DIR-ADVANCED:INTERNAL=1
//ADVANCED property for variable: boost_headers_DIR
boost_headers_DIR-ADVANCED:INTERNAL=1
//ADVANCED property for variable: boost_iostreams_DIR
boost_iostreams_DIR-ADVANCED:INTERNAL=1
//ADVANCED property for variable: boost_locale_DIR
boost_locale_DIR-ADVANCED:INTERNAL=1
//ADVANCED property for variable: boost_program_options_DIR
boost_program_options_DIR-ADVANCED:INTERNAL=1
//ADVANCED property for variable: boost_regex_DIR
boost_regex_DIR-ADVANCED:INTERNAL=1
//ADVANCED property for variable: boost_stacktrace_backtrace_DIR
boost_stacktrace_backtrace_DIR-ADVANCED:INTERNAL=1
//ADVANCED property for variable: boost_stacktrace_basic_DIR
boost_stacktrace_basic_DIR-ADVANCED:INTERNAL=1
//ADVANCED property for variable: boost_thread_DIR
boost_thread_DIR-ADVANCED:INTERNAL=1
cmake_package_name:INTERNAL=GTest
//Result of TRY_COMPILE
compile_result_unused:INTERNAL=FALSE
//Arguments for recv
curl_cv_func_recv_args:INTERNAL=int,void *,size_t,int,ssize_t
//Test curl_cv_func_recv_test
curl_cv_func_recv_test:INTERNAL=1
//Arguments for send
curl_cv_func_send_args:INTERNAL=int,void *,size_t,int,ssize_t,const
//Test curl_cv_func_send_test
curl_cv_func_send_test:INTERNAL=1
//Test curl_cv_recv
curl_cv_recv:INTERNAL=1
//Test curl_cv_send
curl_cv_send:INTERNAL=1
//ADVANCED property for variable: gmock_build_tests
gmock_build_tests-ADVANCED:INTERNAL=1
//ADVANCED property for variable: gtest_build_samples
gtest_build_samples-ADVANCED:INTERNAL=1
//ADVANCED property for variable: gtest_build_tests
gtest_build_tests-ADVANCED:INTERNAL=1
//ADVANCED property for variable: gtest_disable_pthreads
gtest_disable_pthreads-ADVANCED:INTERNAL=1
//ADVANCED property for variable: gtest_force_shared_crt
gtest_force_shared_crt-ADVANCED:INTERNAL=1
//ADVANCED property for variable: gtest_hide_internal_symbols
gtest_hide_internal_symbols-ADVANCED:INTERNAL=1
//ADVANCED property for variable: pkgcfg_lib__OPENSSL_crypto
pkgcfg_lib__OPENSSL_crypto-ADVANCED:INTERNAL=1
//ADVANCED property for variable: pkgcfg_lib__OPENSSL_ssl
pkgcfg_lib__OPENSSL_ssl-ADVANCED:INTERNAL=1
prefix_result:INTERNAL=/usr/lib/x86_64-linux-gnu

